{"D:\\Project 2025\\multi-shopping-billing\\backend\\middleware\\auth.js": {"path":"D:\\Project 2025\\multi-shopping-billing\\backend\\middleware\\auth.js","statementMap":{"0":{"start":{"line":1,"column":12},"end":{"line":1,"column":35}},"1":{"start":{"line":2,"column":13},"end":{"line":2,"column":42}},"2":{"start":{"line":4,"column":21},"end":{"line":53,"column":1}},"3":{"start":{"line":5,"column":2},"end":{"line":52,"column":3}},"4":{"start":{"line":6,"column":18},"end":{"line":6,"column":58}},"5":{"start":{"line":8,"column":4},"end":{"line":13,"column":5}},"6":{"start":{"line":9,"column":6},"end":{"line":12,"column":9}},"7":{"start":{"line":15,"column":20},"end":{"line":15,"column":61}},"8":{"start":{"line":18,"column":20},"end":{"line":21,"column":5}},"9":{"start":{"line":23,"column":4},"end":{"line":28,"column":5}},"10":{"start":{"line":24,"column":6},"end":{"line":27,"column":9}},"11":{"start":{"line":30,"column":4},"end":{"line":35,"column":6}},"12":{"start":{"line":37,"column":4},"end":{"line":37,"column":11}},"13":{"start":{"line":39,"column":4},"end":{"line":44,"column":5}},"14":{"start":{"line":40,"column":6},"end":{"line":43,"column":9}},"15":{"start":{"line":45,"column":4},"end":{"line":50,"column":5}},"16":{"start":{"line":46,"column":6},"end":{"line":49,"column":9}},"17":{"start":{"line":51,"column":4},"end":{"line":51,"column":16}},"18":{"start":{"line":55,"column":18},"end":{"line":73,"column":1}},"19":{"start":{"line":56,"column":2},"end":{"line":72,"column":4}},"20":{"start":{"line":57,"column":4},"end":{"line":62,"column":5}},"21":{"start":{"line":58,"column":6},"end":{"line":61,"column":9}},"22":{"start":{"line":64,"column":4},"end":{"line":69,"column":5}},"23":{"start":{"line":65,"column":6},"end":{"line":68,"column":9}},"24":{"start":{"line":71,"column":4},"end":{"line":71,"column":11}},"25":{"start":{"line":75,"column":0},"end":{"line":75,"column":45}}},"fnMap":{"0":{"name":"(anonymous_0)","decl":{"start":{"line":4,"column":21},"end":{"line":4,"column":22}},"loc":{"start":{"line":4,"column":47},"end":{"line":53,"column":1}},"line":4},"1":{"name":"(anonymous_1)","decl":{"start":{"line":55,"column":18},"end":{"line":55,"column":19}},"loc":{"start":{"line":55,"column":32},"end":{"line":73,"column":1}},"line":55},"2":{"name":"(anonymous_2)","decl":{"start":{"line":56,"column":9},"end":{"line":56,"column":10}},"loc":{"start":{"line":56,"column":29},"end":{"line":72,"column":3}},"line":56}},"branchMap":{"0":{"loc":{"start":{"line":8,"column":4},"end":{"line":13,"column":5}},"type":"if","locations":[{"start":{"line":8,"column":4},"end":{"line":13,"column":5}},{"start":{},"end":{}}],"line":8},"1":{"loc":{"start":{"line":23,"column":4},"end":{"line":28,"column":5}},"type":"if","locations":[{"start":{"line":23,"column":4},"end":{"line":28,"column":5}},{"start":{},"end":{}}],"line":23},"2":{"loc":{"start":{"line":23,"column":8},"end":{"line":23,"column":44}},"type":"binary-expr","locations":[{"start":{"line":23,"column":8},"end":{"line":23,"column":21}},{"start":{"line":23,"column":25},"end":{"line":23,"column":44}}],"line":23},"3":{"loc":{"start":{"line":39,"column":4},"end":{"line":44,"column":5}},"type":"if","locations":[{"start":{"line":39,"column":4},"end":{"line":44,"column":5}},{"start":{},"end":{}}],"line":39},"4":{"loc":{"start":{"line":45,"column":4},"end":{"line":50,"column":5}},"type":"if","locations":[{"start":{"line":45,"column":4},"end":{"line":50,"column":5}},{"start":{},"end":{}}],"line":45},"5":{"loc":{"start":{"line":57,"column":4},"end":{"line":62,"column":5}},"type":"if","locations":[{"start":{"line":57,"column":4},"end":{"line":62,"column":5}},{"start":{},"end":{}}],"line":57},"6":{"loc":{"start":{"line":64,"column":4},"end":{"line":69,"column":5}},"type":"if","locations":[{"start":{"line":64,"column":4},"end":{"line":69,"column":5}},{"start":{},"end":{}}],"line":64}},"s":{"0":3,"1":3,"2":3,"3":15,"4":15,"5":15,"6":1,"7":14,"8":14,"9":14,"10":0,"11":14,"12":14,"13":0,"14":0,"15":0,"16":0,"17":0,"18":3,"19":24,"20":0,"21":0,"22":0,"23":0,"24":0,"25":3},"f":{"0":15,"1":24,"2":0},"b":{"0":[1,14],"1":[0,14],"2":[14,14],"3":[0,0],"4":[0,0],"5":[0,0],"6":[0,0]},"_coverageSchema":"1a1c01bbd47fc00a2c39e90264f33305004495a9","hash":"5bd95e73fe80b3f50dae6c7157fd9e5d97121d0a"}
,"D:\\Project 2025\\multi-shopping-billing\\backend\\middleware\\shopIsolation.js": {"path":"D:\\Project 2025\\multi-shopping-billing\\backend\\middleware\\shopIsolation.js","statementMap":{"0":{"start":{"line":1,"column":13},"end":{"line":1,"column":42}},"1":{"start":{"line":5,"column":22},"end":{"line":48,"column":1}},"2":{"start":{"line":6,"column":2},"end":{"line":47,"column":3}},"3":{"start":{"line":7,"column":4},"end":{"line":12,"column":5}},"4":{"start":{"line":8,"column":6},"end":{"line":11,"column":9}},"5":{"start":{"line":15,"column":4},"end":{"line":21,"column":5}},"6":{"start":{"line":17,"column":21},"end":{"line":17,"column":79}},"7":{"start":{"line":18,"column":6},"end":{"line":18,"column":52}},"8":{"start":{"line":19,"column":6},"end":{"line":19,"column":30}},"9":{"start":{"line":20,"column":6},"end":{"line":20,"column":20}},"10":{"start":{"line":24,"column":4},"end":{"line":29,"column":5}},"11":{"start":{"line":25,"column":6},"end":{"line":28,"column":9}},"12":{"start":{"line":32,"column":19},"end":{"line":32,"column":77}},"13":{"start":{"line":34,"column":4},"end":{"line":39,"column":5}},"14":{"start":{"line":35,"column":6},"end":{"line":38,"column":9}},"15":{"start":{"line":42,"column":4},"end":{"line":42,"column":33}},"16":{"start":{"line":43,"column":4},"end":{"line":43,"column":29}},"17":{"start":{"line":44,"column":4},"end":{"line":44,"column":11}},"18":{"start":{"line":46,"column":4},"end":{"line":46,"column":16}},"19":{"start":{"line":50,"column":0},"end":{"line":50,"column":31}}},"fnMap":{"0":{"name":"(anonymous_0)","decl":{"start":{"line":5,"column":22},"end":{"line":5,"column":23}},"loc":{"start":{"line":5,"column":48},"end":{"line":48,"column":1}},"line":5}},"branchMap":{"0":{"loc":{"start":{"line":7,"column":4},"end":{"line":12,"column":5}},"type":"if","locations":[{"start":{"line":7,"column":4},"end":{"line":12,"column":5}},{"start":{},"end":{}}],"line":7},"1":{"loc":{"start":{"line":15,"column":4},"end":{"line":21,"column":5}},"type":"if","locations":[{"start":{"line":15,"column":4},"end":{"line":21,"column":5}},{"start":{},"end":{}}],"line":15},"2":{"loc":{"start":{"line":17,"column":21},"end":{"line":17,"column":79}},"type":"binary-expr","locations":[{"start":{"line":17,"column":21},"end":{"line":17,"column":38}},{"start":{"line":17,"column":42},"end":{"line":17,"column":58}},{"start":{"line":17,"column":62},"end":{"line":17,"column":79}}],"line":17},"3":{"loc":{"start":{"line":18,"column":19},"end":{"line":18,"column":51}},"type":"cond-expr","locations":[{"start":{"line":18,"column":28},"end":{"line":18,"column":44}},{"start":{"line":18,"column":47},"end":{"line":18,"column":51}}],"line":18},"4":{"loc":{"start":{"line":24,"column":4},"end":{"line":29,"column":5}},"type":"if","locations":[{"start":{"line":24,"column":4},"end":{"line":29,"column":5}},{"start":{},"end":{}}],"line":24},"5":{"loc":{"start":{"line":32,"column":19},"end":{"line":32,"column":77}},"type":"binary-expr","locations":[{"start":{"line":32,"column":19},"end":{"line":32,"column":36}},{"start":{"line":32,"column":40},"end":{"line":32,"column":56}},{"start":{"line":32,"column":60},"end":{"line":32,"column":77}}],"line":32},"6":{"loc":{"start":{"line":34,"column":4},"end":{"line":39,"column":5}},"type":"if","locations":[{"start":{"line":34,"column":4},"end":{"line":39,"column":5}},{"start":{},"end":{}}],"line":34},"7":{"loc":{"start":{"line":34,"column":8},"end":{"line":34,"column":54}},"type":"binary-expr","locations":[{"start":{"line":34,"column":8},"end":{"line":34,"column":14}},{"start":{"line":34,"column":18},"end":{"line":34,"column":54}}],"line":34}},"s":{"0":3,"1":3,"2":14,"3":14,"4":0,"5":14,"6":0,"7":0,"8":0,"9":0,"10":14,"11":0,"12":14,"13":14,"14":0,"15":14,"16":14,"17":14,"18":0,"19":3},"f":{"0":14},"b":{"0":[0,14],"1":[0,14],"2":[0,0,0],"3":[0,0],"4":[0,14],"5":[14,14,14],"6":[0,14],"7":[14,0]},"_coverageSchema":"1a1c01bbd47fc00a2c39e90264f33305004495a9","hash":"1e57af3684d75193c43bfcaa28267622425c53d7"}
,"D:\\Project 2025\\multi-shopping-billing\\backend\\routes\\auth.js": {"path":"D:\\Project 2025\\multi-shopping-billing\\backend\\routes\\auth.js","statementMap":{"0":{"start":{"line":1,"column":16},"end":{"line":1,"column":34}},"1":{"start":{"line":2,"column":15},"end":{"line":2,"column":34}},"2":{"start":{"line":3,"column":12},"end":{"line":3,"column":35}},"3":{"start":{"line":4,"column":35},"end":{"line":4,"column":63}},"4":{"start":{"line":5,"column":13},"end":{"line":5,"column":42}},"5":{"start":{"line":6,"column":25},"end":{"line":6,"column":54}},"6":{"start":{"line":7,"column":40},"end":{"line":7,"column":70}},"7":{"start":{"line":9,"column":15},"end":{"line":9,"column":31}},"8":{"start":{"line":13,"column":2},"end":{"line":38,"column":3}},"9":{"start":{"line":14,"column":22},"end":{"line":14,"column":38}},"10":{"start":{"line":15,"column":22},"end":{"line":15,"column":60}},"11":{"start":{"line":16,"column":23},"end":{"line":16,"column":48}},"12":{"start":{"line":18,"column":4},"end":{"line":34,"column":6}},"13":{"start":{"line":37,"column":4},"end":{"line":37,"column":57}},"14":{"start":{"line":42,"column":0},"end":{"line":163,"column":3}},"15":{"start":{"line":50,"column":2},"end":{"line":162,"column":3}},"16":{"start":{"line":51,"column":19},"end":{"line":51,"column":40}},"17":{"start":{"line":52,"column":4},"end":{"line":58,"column":5}},"18":{"start":{"line":53,"column":6},"end":{"line":57,"column":9}},"19":{"start":{"line":60,"column":86},"end":{"line":60,"column":94}},"20":{"start":{"line":63,"column":21},"end":{"line":69,"column":5}},"21":{"start":{"line":71,"column":4},"end":{"line":76,"column":5}},"22":{"start":{"line":72,"column":6},"end":{"line":75,"column":9}},"23":{"start":{"line":78,"column":22},"end":{"line":78,"column":31}},"24":{"start":{"line":81,"column":4},"end":{"line":86,"column":5}},"25":{"start":{"line":82,"column":6},"end":{"line":85,"column":9}},"26":{"start":{"line":89,"column":4},"end":{"line":94,"column":5}},"27":{"start":{"line":90,"column":6},"end":{"line":93,"column":9}},"28":{"start":{"line":96,"column":20},"end":{"line":96,"column":37}},"29":{"start":{"line":103,"column":27},"end":{"line":106,"column":5}},"30":{"start":{"line":108,"column":4},"end":{"line":113,"column":5}},"31":{"start":{"line":109,"column":6},"end":{"line":112,"column":9}},"32":{"start":{"line":118,"column":32},"end":{"line":121,"column":5}},"33":{"start":{"line":123,"column":4},"end":{"line":128,"column":5}},"34":{"start":{"line":124,"column":6},"end":{"line":127,"column":9}},"35":{"start":{"line":130,"column":23},"end":{"line":130,"column":49}},"36":{"start":{"line":131,"column":4},"end":{"line":131,"column":40}},"37":{"start":{"line":133,"column":4},"end":{"line":159,"column":5}},"38":{"start":{"line":135,"column":27},"end":{"line":135,"column":58}},"39":{"start":{"line":136,"column":6},"end":{"line":140,"column":8}},"40":{"start":{"line":143,"column":6},"end":{"line":146,"column":8}},"41":{"start":{"line":148,"column":6},"end":{"line":148,"column":32}},"42":{"start":{"line":149,"column":6},"end":{"line":149,"column":27}},"43":{"start":{"line":151,"column":6},"end":{"line":154,"column":9}},"44":{"start":{"line":156,"column":6},"end":{"line":156,"column":34}},"45":{"start":{"line":157,"column":6},"end":{"line":157,"column":27}},"46":{"start":{"line":158,"column":6},"end":{"line":158,"column":18}},"47":{"start":{"line":161,"column":4},"end":{"line":161,"column":16}},"48":{"start":{"line":166,"column":0},"end":{"line":284,"column":3}},"49":{"start":{"line":173,"column":6},"end":{"line":175,"column":7}},"50":{"start":{"line":174,"column":8},"end":{"line":174,"column":20}},"51":{"start":{"line":176,"column":18},"end":{"line":176,"column":33}},"52":{"start":{"line":177,"column":6},"end":{"line":177,"column":36}},"53":{"start":{"line":181,"column":2},"end":{"line":283,"column":3}},"54":{"start":{"line":182,"column":19},"end":{"line":182,"column":40}},"55":{"start":{"line":183,"column":4},"end":{"line":195,"column":5}},"56":{"start":{"line":185,"column":36},"end":{"line":185,"column":44}},"57":{"start":{"line":186,"column":6},"end":{"line":188,"column":7}},"58":{"start":{"line":187,"column":8},"end":{"line":187,"column":99}},"59":{"start":{"line":190,"column":6},"end":{"line":194,"column":9}},"60":{"start":{"line":197,"column":44},"end":{"line":197,"column":52}},"61":{"start":{"line":201,"column":16},"end":{"line":205,"column":38}},"62":{"start":{"line":206,"column":17},"end":{"line":206,"column":27}},"63":{"start":{"line":210,"column":4},"end":{"line":214,"column":5}},"64":{"start":{"line":212,"column":6},"end":{"line":212,"column":36}},"65":{"start":{"line":213,"column":6},"end":{"line":213,"column":37}},"66":{"start":{"line":218,"column":20},"end":{"line":218,"column":53}},"67":{"start":{"line":220,"column":4},"end":{"line":228,"column":5}},"68":{"start":{"line":222,"column":6},"end":{"line":222,"column":94}},"69":{"start":{"line":224,"column":6},"end":{"line":227,"column":9}},"70":{"start":{"line":230,"column":17},"end":{"line":230,"column":25}},"71":{"start":{"line":232,"column":4},"end":{"line":240,"column":5}},"72":{"start":{"line":234,"column":6},"end":{"line":234,"column":99}},"73":{"start":{"line":236,"column":6},"end":{"line":239,"column":9}},"74":{"start":{"line":243,"column":28},"end":{"line":243,"column":78}},"75":{"start":{"line":244,"column":4},"end":{"line":252,"column":5}},"76":{"start":{"line":246,"column":6},"end":{"line":246,"column":96}},"77":{"start":{"line":248,"column":6},"end":{"line":251,"column":9}},"78":{"start":{"line":255,"column":18},"end":{"line":259,"column":5}},"79":{"start":{"line":262,"column":4},"end":{"line":262,"column":81}},"80":{"start":{"line":264,"column":4},"end":{"line":280,"column":7}},"81":{"start":{"line":282,"column":4},"end":{"line":282,"column":16}},"82":{"start":{"line":287,"column":0},"end":{"line":312,"column":3}},"83":{"start":{"line":288,"column":2},"end":{"line":311,"column":3}},"84":{"start":{"line":289,"column":20},"end":{"line":296,"column":5}},"85":{"start":{"line":298,"column":4},"end":{"line":303,"column":5}},"86":{"start":{"line":299,"column":6},"end":{"line":302,"column":9}},"87":{"start":{"line":305,"column":4},"end":{"line":308,"column":7}},"88":{"start":{"line":310,"column":4},"end":{"line":310,"column":16}},"89":{"start":{"line":315,"column":0},"end":{"line":367,"column":3}},"90":{"start":{"line":319,"column":2},"end":{"line":366,"column":3}},"91":{"start":{"line":320,"column":19},"end":{"line":320,"column":40}},"92":{"start":{"line":321,"column":4},"end":{"line":327,"column":5}},"93":{"start":{"line":322,"column":6},"end":{"line":326,"column":9}},"94":{"start":{"line":329,"column":47},"end":{"line":329,"column":55}},"95":{"start":{"line":332,"column":20},"end":{"line":335,"column":5}},"96":{"start":{"line":337,"column":4},"end":{"line":342,"column":5}},"97":{"start":{"line":338,"column":6},"end":{"line":341,"column":9}},"98":{"start":{"line":345,"column":28},"end":{"line":345,"column":90}},"99":{"start":{"line":346,"column":4},"end":{"line":351,"column":5}},"100":{"start":{"line":347,"column":6},"end":{"line":350,"column":9}},"101":{"start":{"line":354,"column":28},"end":{"line":354,"column":63}},"102":{"start":{"line":355,"column":4},"end":{"line":358,"column":6}},"103":{"start":{"line":360,"column":4},"end":{"line":363,"column":7}},"104":{"start":{"line":365,"column":4},"end":{"line":365,"column":16}},"105":{"start":{"line":369,"column":0},"end":{"line":369,"column":24}}},"fnMap":{"0":{"name":"logLoginAttempt","decl":{"start":{"line":12,"column":15},"end":{"line":12,"column":30}},"loc":{"start":{"line":12,"column":92},"end":{"line":39,"column":1}},"line":12},"1":{"name":"(anonymous_1)","decl":{"start":{"line":49,"column":3},"end":{"line":49,"column":4}},"loc":{"start":{"line":49,"column":29},"end":{"line":163,"column":1}},"line":49},"2":{"name":"(anonymous_2)","decl":{"start":{"line":171,"column":12},"end":{"line":171,"column":13}},"loc":{"start":{"line":171,"column":23},"end":{"line":178,"column":5}},"line":171},"3":{"name":"(anonymous_3)","decl":{"start":{"line":180,"column":3},"end":{"line":180,"column":4}},"loc":{"start":{"line":180,"column":29},"end":{"line":284,"column":1}},"line":180},"4":{"name":"(anonymous_4)","decl":{"start":{"line":287,"column":32},"end":{"line":287,"column":33}},"loc":{"start":{"line":287,"column":58},"end":{"line":312,"column":1}},"line":287},"5":{"name":"(anonymous_5)","decl":{"start":{"line":318,"column":3},"end":{"line":318,"column":4}},"loc":{"start":{"line":318,"column":29},"end":{"line":367,"column":1}},"line":318}},"branchMap":{"0":{"loc":{"start":{"line":12,"column":70},"end":{"line":12,"column":90}},"type":"default-arg","locations":[{"start":{"line":12,"column":86},"end":{"line":12,"column":90}}],"line":12},"1":{"loc":{"start":{"line":15,"column":22},"end":{"line":15,"column":60}},"type":"binary-expr","locations":[{"start":{"line":15,"column":22},"end":{"line":15,"column":47}},{"start":{"line":15,"column":51},"end":{"line":15,"column":60}}],"line":15},"2":{"loc":{"start":{"line":23,"column":8},"end":{"line":23,"column":22}},"type":"binary-expr","locations":[{"start":{"line":23,"column":8},"end":{"line":23,"column":14}},{"start":{"line":23,"column":18},"end":{"line":23,"column":22}}],"line":23},"3":{"loc":{"start":{"line":24,"column":8},"end":{"line":24,"column":22}},"type":"binary-expr","locations":[{"start":{"line":24,"column":8},"end":{"line":24,"column":14}},{"start":{"line":24,"column":18},"end":{"line":24,"column":22}}],"line":24},"4":{"loc":{"start":{"line":25,"column":8},"end":{"line":25,"column":29}},"type":"binary-expr","locations":[{"start":{"line":25,"column":8},"end":{"line":25,"column":16}},{"start":{"line":25,"column":20},"end":{"line":25,"column":29}}],"line":25},"5":{"loc":{"start":{"line":52,"column":4},"end":{"line":58,"column":5}},"type":"if","locations":[{"start":{"line":52,"column":4},"end":{"line":58,"column":5}},{"start":{},"end":{}}],"line":52},"6":{"loc":{"start":{"line":71,"column":4},"end":{"line":76,"column":5}},"type":"if","locations":[{"start":{"line":71,"column":4},"end":{"line":76,"column":5}},{"start":{},"end":{}}],"line":71},"7":{"loc":{"start":{"line":81,"column":4},"end":{"line":86,"column":5}},"type":"if","locations":[{"start":{"line":81,"column":4},"end":{"line":86,"column":5}},{"start":{},"end":{}}],"line":81},"8":{"loc":{"start":{"line":89,"column":4},"end":{"line":94,"column":5}},"type":"if","locations":[{"start":{"line":89,"column":4},"end":{"line":94,"column":5}},{"start":{},"end":{}}],"line":89},"9":{"loc":{"start":{"line":108,"column":4},"end":{"line":113,"column":5}},"type":"if","locations":[{"start":{"line":108,"column":4},"end":{"line":113,"column":5}},{"start":{},"end":{}}],"line":108},"10":{"loc":{"start":{"line":123,"column":4},"end":{"line":128,"column":5}},"type":"if","locations":[{"start":{"line":123,"column":4},"end":{"line":128,"column":5}},{"start":{},"end":{}}],"line":123},"11":{"loc":{"start":{"line":139,"column":66},"end":{"line":139,"column":79}},"type":"binary-expr","locations":[{"start":{"line":139,"column":66},"end":{"line":139,"column":71}},{"start":{"line":139,"column":75},"end":{"line":139,"column":79}}],"line":139},"12":{"loc":{"start":{"line":173,"column":6},"end":{"line":175,"column":7}},"type":"if","locations":[{"start":{"line":173,"column":6},"end":{"line":175,"column":7}},{"start":{},"end":{}}],"line":173},"13":{"loc":{"start":{"line":173,"column":10},"end":{"line":173,"column":63}},"type":"binary-expr","locations":[{"start":{"line":173,"column":10},"end":{"line":173,"column":24}},{"start":{"line":173,"column":28},"end":{"line":173,"column":47}},{"start":{"line":173,"column":51},"end":{"line":173,"column":63}}],"line":173},"14":{"loc":{"start":{"line":177,"column":13},"end":{"line":177,"column":35}},"type":"binary-expr","locations":[{"start":{"line":177,"column":13},"end":{"line":177,"column":24}},{"start":{"line":177,"column":28},"end":{"line":177,"column":35}}],"line":177},"15":{"loc":{"start":{"line":183,"column":4},"end":{"line":195,"column":5}},"type":"if","locations":[{"start":{"line":183,"column":4},"end":{"line":195,"column":5}},{"start":{},"end":{}}],"line":183},"16":{"loc":{"start":{"line":186,"column":6},"end":{"line":188,"column":7}},"type":"if","locations":[{"start":{"line":186,"column":6},"end":{"line":188,"column":7}},{"start":{},"end":{}}],"line":186},"17":{"loc":{"start":{"line":187,"column":36},"end":{"line":187,"column":51}},"type":"binary-expr","locations":[{"start":{"line":187,"column":36},"end":{"line":187,"column":43}},{"start":{"line":187,"column":47},"end":{"line":187,"column":51}}],"line":187},"18":{"loc":{"start":{"line":210,"column":4},"end":{"line":214,"column":5}},"type":"if","locations":[{"start":{"line":210,"column":4},"end":{"line":214,"column":5}},{"start":{},"end":{}}],"line":210},"19":{"loc":{"start":{"line":210,"column":8},"end":{"line":210,"column":67}},"type":"binary-expr","locations":[{"start":{"line":210,"column":8},"end":{"line":210,"column":24}},{"start":{"line":210,"column":28},"end":{"line":210,"column":49}},{"start":{"line":210,"column":53},"end":{"line":210,"column":67}}],"line":210},"20":{"loc":{"start":{"line":220,"column":4},"end":{"line":228,"column":5}},"type":"if","locations":[{"start":{"line":220,"column":4},"end":{"line":228,"column":5}},{"start":{},"end":{}}],"line":220},"21":{"loc":{"start":{"line":222,"column":34},"end":{"line":222,"column":49}},"type":"binary-expr","locations":[{"start":{"line":222,"column":34},"end":{"line":222,"column":41}},{"start":{"line":222,"column":45},"end":{"line":222,"column":49}}],"line":222},"22":{"loc":{"start":{"line":232,"column":4},"end":{"line":240,"column":5}},"type":"if","locations":[{"start":{"line":232,"column":4},"end":{"line":240,"column":5}},{"start":{},"end":{}}],"line":232},"23":{"loc":{"start":{"line":244,"column":4},"end":{"line":252,"column":5}},"type":"if","locations":[{"start":{"line":244,"column":4},"end":{"line":252,"column":5}},{"start":{},"end":{}}],"line":244},"24":{"loc":{"start":{"line":258,"column":19},"end":{"line":258,"column":53}},"type":"binary-expr","locations":[{"start":{"line":258,"column":19},"end":{"line":258,"column":45}},{"start":{"line":258,"column":49},"end":{"line":258,"column":53}}],"line":258},"25":{"loc":{"start":{"line":276,"column":21},"end":{"line":276,"column":43}},"type":"binary-expr","locations":[{"start":{"line":276,"column":21},"end":{"line":276,"column":35}},{"start":{"line":276,"column":39},"end":{"line":276,"column":43}}],"line":276},"26":{"loc":{"start":{"line":277,"column":17},"end":{"line":277,"column":35}},"type":"binary-expr","locations":[{"start":{"line":277,"column":17},"end":{"line":277,"column":27}},{"start":{"line":277,"column":31},"end":{"line":277,"column":35}}],"line":277},"27":{"loc":{"start":{"line":298,"column":4},"end":{"line":303,"column":5}},"type":"if","locations":[{"start":{"line":298,"column":4},"end":{"line":303,"column":5}},{"start":{},"end":{}}],"line":298},"28":{"loc":{"start":{"line":321,"column":4},"end":{"line":327,"column":5}},"type":"if","locations":[{"start":{"line":321,"column":4},"end":{"line":327,"column":5}},{"start":{},"end":{}}],"line":321},"29":{"loc":{"start":{"line":337,"column":4},"end":{"line":342,"column":5}},"type":"if","locations":[{"start":{"line":337,"column":4},"end":{"line":342,"column":5}},{"start":{},"end":{}}],"line":337},"30":{"loc":{"start":{"line":346,"column":4},"end":{"line":351,"column":5}},"type":"if","locations":[{"start":{"line":346,"column":4},"end":{"line":351,"column":5}},{"start":{},"end":{}}],"line":346}},"s":{"0":3,"1":3,"2":3,"3":3,"4":3,"5":3,"6":3,"7":3,"8":3,"9":3,"10":3,"11":3,"12":3,"13":1,"14":3,"15":4,"16":4,"17":4,"18":1,"19":3,"20":3,"21":3,"22":1,"23":2,"24":2,"25":0,"26":2,"27":1,"28":1,"29":1,"30":1,"31":0,"32":1,"33":1,"34":0,"35":1,"36":1,"37":1,"38":1,"39":1,"40":1,"41":1,"42":1,"43":1,"44":0,"45":0,"46":0,"47":0,"48":3,"49":0,"50":0,"51":0,"52":0,"53":4,"54":4,"55":4,"56":1,"57":1,"58":0,"59":1,"60":3,"61":3,"62":3,"63":3,"64":0,"65":0,"66":3,"67":3,"68":1,"69":1,"70":2,"71":2,"72":0,"73":0,"74":2,"75":2,"76":1,"77":1,"78":1,"79":1,"80":1,"81":0,"82":3,"83":0,"84":0,"85":0,"86":0,"87":0,"88":0,"89":3,"90":0,"91":0,"92":0,"93":0,"94":0,"95":0,"96":0,"97":0,"98":0,"99":0,"100":0,"101":0,"102":0,"103":0,"104":0,"105":3},"f":{"0":3,"1":4,"2":0,"3":4,"4":0,"5":0},"b":{"0":[0],"1":[3,3],"2":[3,1],"3":[3,1],"4":[3,0],"5":[1,3],"6":[1,2],"7":[0,2],"8":[1,1],"9":[0,1],"10":[0,1],"11":[1,1],"12":[0,0],"13":[0,0,0],"14":[0,0],"15":[1,3],"16":[0,1],"17":[0,0],"18":[0,3],"19":[3,3,0],"20":[1,2],"21":[1,1],"22":[0,2],"23":[1,1],"24":[1,0],"25":[1,0],"26":[1,0],"27":[0,0],"28":[0,0],"29":[0,0],"30":[0,0]},"_coverageSchema":"1a1c01bbd47fc00a2c39e90264f33305004495a9","hash":"bb0cc571a6a6237a8483c3e2b57cbd9a682ba729"}
,"D:\\Project 2025\\multi-shopping-billing\\backend\\routes\\bills.js": {"path":"D:\\Project 2025\\multi-shopping-billing\\backend\\routes\\bills.js","statementMap":{"0":{"start":{"line":1,"column":16},"end":{"line":1,"column":34}},"1":{"start":{"line":2,"column":35},"end":{"line":2,"column":63}},"2":{"start":{"line":3,"column":13},"end":{"line":3,"column":42}},"3":{"start":{"line":4,"column":25},"end":{"line":4,"column":54}},"4":{"start":{"line":5,"column":22},"end":{"line":5,"column":60}},"5":{"start":{"line":7,"column":15},"end":{"line":7,"column":31}},"6":{"start":{"line":9,"column":0},"end":{"line":9,"column":25}},"7":{"start":{"line":10,"column":0},"end":{"line":10,"column":26}},"8":{"start":{"line":14,"column":16},"end":{"line":14,"column":26}},"9":{"start":{"line":15,"column":18},"end":{"line":15,"column":69}},"10":{"start":{"line":17,"column":21},"end":{"line":22,"column":3}},"11":{"start":{"line":24,"column":17},"end":{"line":24,"column":18}},"12":{"start":{"line":25,"column":2},"end":{"line":28,"column":3}},"13":{"start":{"line":26,"column":20},"end":{"line":26,"column":72}},"14":{"start":{"line":27,"column":4},"end":{"line":27,"column":27}},"15":{"start":{"line":30,"column":2},"end":{"line":30,"column":67}},"16":{"start":{"line":34,"column":0},"end":{"line":121,"column":3}},"17":{"start":{"line":35,"column":2},"end":{"line":120,"column":3}},"18":{"start":{"line":37,"column":4},"end":{"line":42,"column":5}},"19":{"start":{"line":38,"column":6},"end":{"line":41,"column":9}},"20":{"start":{"line":44,"column":81},"end":{"line":44,"column":90}},"21":{"start":{"line":45,"column":20},"end":{"line":45,"column":39}},"22":{"start":{"line":46,"column":21},"end":{"line":46,"column":42}},"23":{"start":{"line":47,"column":19},"end":{"line":47,"column":43}},"24":{"start":{"line":49,"column":16},"end":{"line":56,"column":5}},"25":{"start":{"line":57,"column":19},"end":{"line":57,"column":31}},"26":{"start":{"line":59,"column":4},"end":{"line":62,"column":5}},"27":{"start":{"line":60,"column":6},"end":{"line":60,"column":46}},"28":{"start":{"line":61,"column":6},"end":{"line":61,"column":30}},"29":{"start":{"line":64,"column":4},"end":{"line":67,"column":5}},"30":{"start":{"line":65,"column":6},"end":{"line":65,"column":46}},"31":{"start":{"line":66,"column":6},"end":{"line":66,"column":28}},"32":{"start":{"line":69,"column":4},"end":{"line":72,"column":5}},"33":{"start":{"line":70,"column":6},"end":{"line":70,"column":35}},"34":{"start":{"line":71,"column":6},"end":{"line":71,"column":26}},"35":{"start":{"line":74,"column":4},"end":{"line":77,"column":5}},"36":{"start":{"line":75,"column":6},"end":{"line":75,"column":41}},"37":{"start":{"line":76,"column":6},"end":{"line":76,"column":32}},"38":{"start":{"line":80,"column":4},"end":{"line":80,"column":78}},"39":{"start":{"line":82,"column":20},"end":{"line":82,"column":53}},"40":{"start":{"line":85,"column":21},"end":{"line":85,"column":76}},"41":{"start":{"line":86,"column":24},"end":{"line":86,"column":36}},"42":{"start":{"line":88,"column":4},"end":{"line":91,"column":5}},"43":{"start":{"line":89,"column":6},"end":{"line":89,"column":49}},"44":{"start":{"line":90,"column":6},"end":{"line":90,"column":35}},"45":{"start":{"line":92,"column":4},"end":{"line":95,"column":5}},"46":{"start":{"line":93,"column":6},"end":{"line":93,"column":49}},"47":{"start":{"line":94,"column":6},"end":{"line":94,"column":33}},"48":{"start":{"line":96,"column":4},"end":{"line":99,"column":5}},"49":{"start":{"line":97,"column":6},"end":{"line":97,"column":38}},"50":{"start":{"line":98,"column":6},"end":{"line":98,"column":31}},"51":{"start":{"line":100,"column":4},"end":{"line":103,"column":5}},"52":{"start":{"line":101,"column":6},"end":{"line":101,"column":44}},"53":{"start":{"line":102,"column":6},"end":{"line":102,"column":37}},"54":{"start":{"line":105,"column":26},"end":{"line":105,"column":69}},"55":{"start":{"line":106,"column":18},"end":{"line":106,"column":38}},"56":{"start":{"line":108,"column":4},"end":{"line":117,"column":7}},"57":{"start":{"line":119,"column":4},"end":{"line":119,"column":16}},"58":{"start":{"line":124,"column":0},"end":{"line":160,"column":3}},"59":{"start":{"line":125,"column":2},"end":{"line":159,"column":3}},"60":{"start":{"line":126,"column":20},"end":{"line":132,"column":5}},"61":{"start":{"line":134,"column":4},"end":{"line":139,"column":5}},"62":{"start":{"line":135,"column":6},"end":{"line":138,"column":9}},"63":{"start":{"line":141,"column":20},"end":{"line":148,"column":5}},"64":{"start":{"line":150,"column":4},"end":{"line":156,"column":7}},"65":{"start":{"line":158,"column":4},"end":{"line":158,"column":16}},"66":{"start":{"line":163,"column":0},"end":{"line":340,"column":3}},"67":{"start":{"line":169,"column":2},"end":{"line":339,"column":3}},"68":{"start":{"line":170,"column":19},"end":{"line":170,"column":40}},"69":{"start":{"line":171,"column":4},"end":{"line":177,"column":5}},"70":{"start":{"line":172,"column":6},"end":{"line":176,"column":9}},"71":{"start":{"line":184,"column":8},"end":{"line":184,"column":16}},"72":{"start":{"line":186,"column":23},"end":{"line":186,"column":49}},"73":{"start":{"line":187,"column":4},"end":{"line":187,"column":40}},"74":{"start":{"line":189,"column":4},"end":{"line":336,"column":5}},"75":{"start":{"line":191,"column":25},"end":{"line":191,"column":61}},"76":{"start":{"line":194,"column":21},"end":{"line":194,"column":22}},"77":{"start":{"line":195,"column":21},"end":{"line":195,"column":22}},"78":{"start":{"line":196,"column":24},"end":{"line":196,"column":26}},"79":{"start":{"line":198,"column":6},"end":{"line":241,"column":7}},"80":{"start":{"line":199,"column":27},"end":{"line":204,"column":9}},"81":{"start":{"line":206,"column":8},"end":{"line":208,"column":9}},"82":{"start":{"line":207,"column":10},"end":{"line":207,"column":66}},"83":{"start":{"line":210,"column":24},"end":{"line":210,"column":35}},"84":{"start":{"line":213,"column":8},"end":{"line":215,"column":9}},"85":{"start":{"line":214,"column":10},"end":{"line":214,"column":106}},"86":{"start":{"line":217,"column":26},"end":{"line":217,"column":59}},"87":{"start":{"line":218,"column":25},"end":{"line":218,"column":50}},"88":{"start":{"line":219,"column":24},"end":{"line":219,"column":57}},"89":{"start":{"line":220,"column":29},"end":{"line":220,"column":49}},"90":{"start":{"line":221,"column":29},"end":{"line":221,"column":66}},"91":{"start":{"line":222,"column":39},"end":{"line":222,"column":66}},"92":{"start":{"line":223,"column":24},"end":{"line":223,"column":82}},"93":{"start":{"line":224,"column":26},"end":{"line":224,"column":58}},"94":{"start":{"line":226,"column":8},"end":{"line":226,"column":33}},"95":{"start":{"line":227,"column":8},"end":{"line":227,"column":28}},"96":{"start":{"line":229,"column":8},"end":{"line":240,"column":11}},"97":{"start":{"line":244,"column":33},"end":{"line":244,"column":94}},"98":{"start":{"line":245,"column":28},"end":{"line":245,"column":57}},"99":{"start":{"line":246,"column":25},"end":{"line":246,"column":49}},"100":{"start":{"line":249,"column":27},"end":{"line":262,"column":7}},"101":{"start":{"line":264,"column":21},"end":{"line":264,"column":40}},"102":{"start":{"line":267,"column":6},"end":{"line":305,"column":7}},"103":{"start":{"line":268,"column":8},"end":{"line":277,"column":10}},"104":{"start":{"line":280,"column":31},"end":{"line":283,"column":9}},"105":{"start":{"line":285,"column":25},"end":{"line":285,"column":67}},"106":{"start":{"line":286,"column":25},"end":{"line":286,"column":49}},"107":{"start":{"line":288,"column":8},"end":{"line":291,"column":10}},"108":{"start":{"line":294,"column":8},"end":{"line":304,"column":10}},"109":{"start":{"line":307,"column":6},"end":{"line":307,"column":32}},"110":{"start":{"line":308,"column":6},"end":{"line":308,"column":27}},"111":{"start":{"line":311,"column":29},"end":{"line":317,"column":7}},"112":{"start":{"line":319,"column":30},"end":{"line":322,"column":7}},"113":{"start":{"line":324,"column":6},"end":{"line":331,"column":9}},"114":{"start":{"line":333,"column":6},"end":{"line":333,"column":34}},"115":{"start":{"line":334,"column":6},"end":{"line":334,"column":27}},"116":{"start":{"line":335,"column":6},"end":{"line":335,"column":18}},"117":{"start":{"line":338,"column":4},"end":{"line":338,"column":16}},"118":{"start":{"line":343,"column":0},"end":{"line":423,"column":3}},"119":{"start":{"line":344,"column":2},"end":{"line":422,"column":3}},"120":{"start":{"line":345,"column":19},"end":{"line":345,"column":29}},"121":{"start":{"line":346,"column":23},"end":{"line":346,"column":31}},"122":{"start":{"line":348,"column":23},"end":{"line":348,"column":49}},"123":{"start":{"line":349,"column":4},"end":{"line":349,"column":40}},"124":{"start":{"line":351,"column":4},"end":{"line":419,"column":5}},"125":{"start":{"line":353,"column":22},"end":{"line":356,"column":7}},"126":{"start":{"line":358,"column":6},"end":{"line":365,"column":7}},"127":{"start":{"line":359,"column":8},"end":{"line":359,"column":36}},"128":{"start":{"line":360,"column":8},"end":{"line":360,"column":29}},"129":{"start":{"line":361,"column":8},"end":{"line":364,"column":11}},"130":{"start":{"line":368,"column":22},"end":{"line":371,"column":7}},"131":{"start":{"line":374,"column":6},"end":{"line":400,"column":7}},"132":{"start":{"line":375,"column":31},"end":{"line":378,"column":9}},"133":{"start":{"line":380,"column":25},"end":{"line":380,"column":67}},"134":{"start":{"line":381,"column":25},"end":{"line":381,"column":61}},"135":{"start":{"line":383,"column":8},"end":{"line":386,"column":10}},"136":{"start":{"line":389,"column":8},"end":{"line":399,"column":10}},"137":{"start":{"line":403,"column":6},"end":{"line":406,"column":8}},"138":{"start":{"line":408,"column":6},"end":{"line":408,"column":32}},"139":{"start":{"line":409,"column":6},"end":{"line":409,"column":27}},"140":{"start":{"line":411,"column":6},"end":{"line":414,"column":9}},"141":{"start":{"line":416,"column":6},"end":{"line":416,"column":34}},"142":{"start":{"line":417,"column":6},"end":{"line":417,"column":27}},"143":{"start":{"line":418,"column":6},"end":{"line":418,"column":18}},"144":{"start":{"line":421,"column":4},"end":{"line":421,"column":16}},"145":{"start":{"line":425,"column":0},"end":{"line":425,"column":24}}},"fnMap":{"0":{"name":"generateBillNumber","decl":{"start":{"line":13,"column":15},"end":{"line":13,"column":33}},"loc":{"start":{"line":13,"column":42},"end":{"line":31,"column":1}},"line":13},"1":{"name":"(anonymous_1)","decl":{"start":{"line":34,"column":16},"end":{"line":34,"column":17}},"loc":{"start":{"line":34,"column":42},"end":{"line":121,"column":1}},"line":34},"2":{"name":"(anonymous_2)","decl":{"start":{"line":124,"column":19},"end":{"line":124,"column":20}},"loc":{"start":{"line":124,"column":45},"end":{"line":160,"column":1}},"line":124},"3":{"name":"(anonymous_3)","decl":{"start":{"line":168,"column":3},"end":{"line":168,"column":4}},"loc":{"start":{"line":168,"column":29},"end":{"line":340,"column":1}},"line":168},"4":{"name":"(anonymous_4)","decl":{"start":{"line":343,"column":27},"end":{"line":343,"column":28}},"loc":{"start":{"line":343,"column":53},"end":{"line":423,"column":1}},"line":343}},"branchMap":{"0":{"loc":{"start":{"line":25,"column":2},"end":{"line":28,"column":3}},"type":"if","locations":[{"start":{"line":25,"column":2},"end":{"line":28,"column":3}},{"start":{},"end":{}}],"line":25},"1":{"loc":{"start":{"line":26,"column":20},"end":{"line":26,"column":72}},"type":"binary-expr","locations":[{"start":{"line":26,"column":20},"end":{"line":26,"column":67}},{"start":{"line":26,"column":71},"end":{"line":26,"column":72}}],"line":26},"2":{"loc":{"start":{"line":37,"column":4},"end":{"line":42,"column":5}},"type":"if","locations":[{"start":{"line":37,"column":4},"end":{"line":42,"column":5}},{"start":{},"end":{}}],"line":37},"3":{"loc":{"start":{"line":37,"column":8},"end":{"line":37,"column":39}},"type":"binary-expr","locations":[{"start":{"line":37,"column":8},"end":{"line":37,"column":24}},{"start":{"line":37,"column":28},"end":{"line":37,"column":39}}],"line":37},"4":{"loc":{"start":{"line":44,"column":56},"end":{"line":44,"column":64}},"type":"default-arg","locations":[{"start":{"line":44,"column":63},"end":{"line":44,"column":64}}],"line":44},"5":{"loc":{"start":{"line":44,"column":66},"end":{"line":44,"column":76}},"type":"default-arg","locations":[{"start":{"line":44,"column":74},"end":{"line":44,"column":76}}],"line":44},"6":{"loc":{"start":{"line":45,"column":20},"end":{"line":45,"column":39}},"type":"binary-expr","locations":[{"start":{"line":45,"column":20},"end":{"line":45,"column":34}},{"start":{"line":45,"column":38},"end":{"line":45,"column":39}}],"line":45},"7":{"loc":{"start":{"line":46,"column":21},"end":{"line":46,"column":42}},"type":"binary-expr","locations":[{"start":{"line":46,"column":21},"end":{"line":46,"column":36}},{"start":{"line":46,"column":40},"end":{"line":46,"column":42}}],"line":46},"8":{"loc":{"start":{"line":59,"column":4},"end":{"line":62,"column":5}},"type":"if","locations":[{"start":{"line":59,"column":4},"end":{"line":62,"column":5}},{"start":{},"end":{}}],"line":59},"9":{"loc":{"start":{"line":64,"column":4},"end":{"line":67,"column":5}},"type":"if","locations":[{"start":{"line":64,"column":4},"end":{"line":67,"column":5}},{"start":{},"end":{}}],"line":64},"10":{"loc":{"start":{"line":69,"column":4},"end":{"line":72,"column":5}},"type":"if","locations":[{"start":{"line":69,"column":4},"end":{"line":72,"column":5}},{"start":{},"end":{}}],"line":69},"11":{"loc":{"start":{"line":74,"column":4},"end":{"line":77,"column":5}},"type":"if","locations":[{"start":{"line":74,"column":4},"end":{"line":77,"column":5}},{"start":{},"end":{}}],"line":74},"12":{"loc":{"start":{"line":88,"column":4},"end":{"line":91,"column":5}},"type":"if","locations":[{"start":{"line":88,"column":4},"end":{"line":91,"column":5}},{"start":{},"end":{}}],"line":88},"13":{"loc":{"start":{"line":92,"column":4},"end":{"line":95,"column":5}},"type":"if","locations":[{"start":{"line":92,"column":4},"end":{"line":95,"column":5}},{"start":{},"end":{}}],"line":92},"14":{"loc":{"start":{"line":96,"column":4},"end":{"line":99,"column":5}},"type":"if","locations":[{"start":{"line":96,"column":4},"end":{"line":99,"column":5}},{"start":{},"end":{}}],"line":96},"15":{"loc":{"start":{"line":100,"column":4},"end":{"line":103,"column":5}},"type":"if","locations":[{"start":{"line":100,"column":4},"end":{"line":103,"column":5}},{"start":{},"end":{}}],"line":100},"16":{"loc":{"start":{"line":134,"column":4},"end":{"line":139,"column":5}},"type":"if","locations":[{"start":{"line":134,"column":4},"end":{"line":139,"column":5}},{"start":{},"end":{}}],"line":134},"17":{"loc":{"start":{"line":171,"column":4},"end":{"line":177,"column":5}},"type":"if","locations":[{"start":{"line":171,"column":4},"end":{"line":177,"column":5}},{"start":{},"end":{}}],"line":171},"18":{"loc":{"start":{"line":183,"column":6},"end":{"line":183,"column":24}},"type":"default-arg","locations":[{"start":{"line":183,"column":20},"end":{"line":183,"column":24}}],"line":183},"19":{"loc":{"start":{"line":206,"column":8},"end":{"line":208,"column":9}},"type":"if","locations":[{"start":{"line":206,"column":8},"end":{"line":208,"column":9}},{"start":{},"end":{}}],"line":206},"20":{"loc":{"start":{"line":213,"column":8},"end":{"line":215,"column":9}},"type":"if","locations":[{"start":{"line":213,"column":8},"end":{"line":215,"column":9}},{"start":{},"end":{}}],"line":213},"21":{"loc":{"start":{"line":219,"column":24},"end":{"line":219,"column":57}},"type":"binary-expr","locations":[{"start":{"line":219,"column":24},"end":{"line":219,"column":52}},{"start":{"line":219,"column":56},"end":{"line":219,"column":57}}],"line":219},"22":{"loc":{"start":{"line":221,"column":40},"end":{"line":221,"column":65}},"type":"binary-expr","locations":[{"start":{"line":221,"column":40},"end":{"line":221,"column":60}},{"start":{"line":221,"column":64},"end":{"line":221,"column":65}}],"line":221},"23":{"loc":{"start":{"line":223,"column":24},"end":{"line":223,"column":82}},"type":"cond-expr","locations":[{"start":{"line":223,"column":38},"end":{"line":223,"column":78}},{"start":{"line":223,"column":81},"end":{"line":223,"column":82}}],"line":223},"24":{"loc":{"start":{"line":244,"column":33},"end":{"line":244,"column":94}},"type":"binary-expr","locations":[{"start":{"line":244,"column":33},"end":{"line":244,"column":48}},{"start":{"line":244,"column":53},"end":{"line":244,"column":93}}],"line":244},"25":{"loc":{"start":{"line":244,"column":65},"end":{"line":244,"column":86}},"type":"binary-expr","locations":[{"start":{"line":244,"column":65},"end":{"line":244,"column":81}},{"start":{"line":244,"column":85},"end":{"line":244,"column":86}}],"line":244},"26":{"loc":{"start":{"line":256,"column":10},"end":{"line":256,"column":31}},"type":"binary-expr","locations":[{"start":{"line":256,"column":10},"end":{"line":256,"column":23}},{"start":{"line":256,"column":27},"end":{"line":256,"column":31}}],"line":256},"27":{"loc":{"start":{"line":256,"column":33},"end":{"line":256,"column":55}},"type":"binary-expr","locations":[{"start":{"line":256,"column":33},"end":{"line":256,"column":47}},{"start":{"line":256,"column":51},"end":{"line":256,"column":55}}],"line":256},"28":{"loc":{"start":{"line":256,"column":57},"end":{"line":256,"column":79}},"type":"binary-expr","locations":[{"start":{"line":256,"column":57},"end":{"line":256,"column":71}},{"start":{"line":256,"column":75},"end":{"line":256,"column":79}}],"line":256},"29":{"loc":{"start":{"line":257,"column":40},"end":{"line":257,"column":61}},"type":"binary-expr","locations":[{"start":{"line":257,"column":40},"end":{"line":257,"column":56}},{"start":{"line":257,"column":60},"end":{"line":257,"column":61}}],"line":257},"30":{"loc":{"start":{"line":259,"column":10},"end":{"line":259,"column":66}},"type":"cond-expr","locations":[{"start":{"line":259,"column":28},"end":{"line":259,"column":59}},{"start":{"line":259,"column":62},"end":{"line":259,"column":66}}],"line":259},"31":{"loc":{"start":{"line":260,"column":10},"end":{"line":260,"column":23}},"type":"binary-expr","locations":[{"start":{"line":260,"column":10},"end":{"line":260,"column":15}},{"start":{"line":260,"column":19},"end":{"line":260,"column":23}}],"line":260},"32":{"loc":{"start":{"line":358,"column":6},"end":{"line":365,"column":7}},"type":"if","locations":[{"start":{"line":358,"column":6},"end":{"line":365,"column":7}},{"start":{},"end":{}}],"line":358},"33":{"loc":{"start":{"line":397,"column":35},"end":{"line":397,"column":65}},"type":"binary-expr","locations":[{"start":{"line":397,"column":35},"end":{"line":397,"column":41}},{"start":{"line":397,"column":45},"end":{"line":397,"column":65}}],"line":397}},"s":{"0":3,"1":3,"2":3,"3":3,"4":3,"5":3,"6":3,"7":3,"8":3,"9":3,"10":3,"11":3,"12":3,"13":2,"14":2,"15":3,"16":3,"17":1,"18":1,"19":0,"20":1,"21":1,"22":1,"23":1,"24":1,"25":1,"26":1,"27":0,"28":0,"29":1,"30":0,"31":0,"32":1,"33":0,"34":0,"35":1,"36":0,"37":0,"38":1,"39":1,"40":1,"41":1,"42":1,"43":0,"44":0,"45":1,"46":0,"47":0,"48":1,"49":0,"50":0,"51":1,"52":0,"53":0,"54":1,"55":1,"56":1,"57":0,"58":3,"59":2,"60":2,"61":2,"62":1,"63":1,"64":1,"65":0,"66":3,"67":4,"68":4,"69":4,"70":1,"71":3,"72":3,"73":3,"74":3,"75":3,"76":3,"77":3,"78":3,"79":3,"80":3,"81":3,"82":0,"83":3,"84":3,"85":1,"86":2,"87":2,"88":2,"89":2,"90":2,"91":2,"92":2,"93":2,"94":2,"95":2,"96":2,"97":2,"98":2,"99":2,"100":2,"101":2,"102":2,"103":2,"104":2,"105":2,"106":2,"107":2,"108":2,"109":2,"110":2,"111":2,"112":2,"113":2,"114":1,"115":1,"116":1,"117":1,"118":3,"119":0,"120":0,"121":0,"122":0,"123":0,"124":0,"125":0,"126":0,"127":0,"128":0,"129":0,"130":0,"131":0,"132":0,"133":0,"134":0,"135":0,"136":0,"137":0,"138":0,"139":0,"140":0,"141":0,"142":0,"143":0,"144":0,"145":3},"f":{"0":3,"1":1,"2":2,"3":4,"4":0},"b":{"0":[2,1],"1":[2,0],"2":[0,1],"3":[1,0],"4":[1],"5":[1],"6":[1,0],"7":[1,0],"8":[0,1],"9":[0,1],"10":[0,1],"11":[0,1],"12":[0,1],"13":[0,1],"14":[0,1],"15":[0,1],"16":[1,1],"17":[1,3],"18":[1],"19":[0,3],"20":[1,2],"21":[2,2],"22":[2,2],"23":[1,1],"24":[2,2],"25":[2,2],"26":[2,2],"27":[2,2],"28":[2,2],"29":[2,2],"30":[0,2],"31":[2,2],"32":[0,0],"33":[0,0]},"_coverageSchema":"1a1c01bbd47fc00a2c39e90264f33305004495a9","hash":"d5472deafc1f0bb4623c55502220b6a8244dabd7"}
,"D:\\Project 2025\\multi-shopping-billing\\backend\\routes\\categories.js": {"path":"D:\\Project 2025\\multi-shopping-billing\\backend\\routes\\categories.js","statementMap":{"0":{"start":{"line":1,"column":16},"end":{"line":1,"column":34}},"1":{"start":{"line":2,"column":35},"end":{"line":2,"column":63}},"2":{"start":{"line":3,"column":15},"end":{"line":3,"column":32}},"3":{"start":{"line":4,"column":12},"end":{"line":4,"column":33}},"4":{"start":{"line":5,"column":11},"end":{"line":5,"column":24}},"5":{"start":{"line":6,"column":13},"end":{"line":6,"column":42}},"6":{"start":{"line":7,"column":25},"end":{"line":7,"column":54}},"7":{"start":{"line":8,"column":22},"end":{"line":8,"column":60}},"8":{"start":{"line":10,"column":15},"end":{"line":10,"column":31}},"9":{"start":{"line":13,"column":15},"end":{"line":13,"column":43}},"10":{"start":{"line":15,"column":0},"end":{"line":15,"column":25}},"11":{"start":{"line":16,"column":0},"end":{"line":16,"column":26}},"12":{"start":{"line":19,"column":0},"end":{"line":41,"column":3}},"13":{"start":{"line":20,"column":2},"end":{"line":40,"column":3}},"14":{"start":{"line":22,"column":4},"end":{"line":27,"column":5}},"15":{"start":{"line":23,"column":6},"end":{"line":26,"column":9}},"16":{"start":{"line":29,"column":25},"end":{"line":32,"column":5}},"17":{"start":{"line":34,"column":4},"end":{"line":37,"column":7}},"18":{"start":{"line":39,"column":4},"end":{"line":39,"column":16}},"19":{"start":{"line":44,"column":0},"end":{"line":65,"column":3}},"20":{"start":{"line":45,"column":2},"end":{"line":64,"column":3}},"21":{"start":{"line":46,"column":25},"end":{"line":49,"column":5}},"22":{"start":{"line":51,"column":4},"end":{"line":56,"column":5}},"23":{"start":{"line":52,"column":6},"end":{"line":55,"column":9}},"24":{"start":{"line":58,"column":4},"end":{"line":61,"column":7}},"25":{"start":{"line":63,"column":4},"end":{"line":63,"column":16}},"26":{"start":{"line":68,"column":0},"end":{"line":109,"column":3}},"27":{"start":{"line":71,"column":2},"end":{"line":108,"column":3}},"28":{"start":{"line":72,"column":19},"end":{"line":72,"column":40}},"29":{"start":{"line":73,"column":4},"end":{"line":79,"column":5}},"30":{"start":{"line":74,"column":6},"end":{"line":78,"column":9}},"31":{"start":{"line":81,"column":34},"end":{"line":81,"column":42}},"32":{"start":{"line":84,"column":23},"end":{"line":87,"column":5}},"33":{"start":{"line":89,"column":4},"end":{"line":94,"column":5}},"34":{"start":{"line":90,"column":6},"end":{"line":93,"column":9}},"35":{"start":{"line":96,"column":21},"end":{"line":99,"column":5}},"36":{"start":{"line":101,"column":4},"end":{"line":105,"column":7}},"37":{"start":{"line":107,"column":4},"end":{"line":107,"column":16}},"38":{"start":{"line":112,"column":0},"end":{"line":189,"column":3}},"39":{"start":{"line":115,"column":2},"end":{"line":188,"column":3}},"40":{"start":{"line":116,"column":19},"end":{"line":116,"column":40}},"41":{"start":{"line":117,"column":4},"end":{"line":123,"column":5}},"42":{"start":{"line":118,"column":6},"end":{"line":122,"column":9}},"43":{"start":{"line":125,"column":19},"end":{"line":125,"column":29}},"44":{"start":{"line":126,"column":34},"end":{"line":126,"column":42}},"45":{"start":{"line":129,"column":25},"end":{"line":132,"column":5}},"46":{"start":{"line":134,"column":4},"end":{"line":139,"column":5}},"47":{"start":{"line":135,"column":6},"end":{"line":138,"column":9}},"48":{"start":{"line":142,"column":4},"end":{"line":154,"column":5}},"49":{"start":{"line":143,"column":25},"end":{"line":146,"column":7}},"50":{"start":{"line":148,"column":6},"end":{"line":153,"column":7}},"51":{"start":{"line":149,"column":8},"end":{"line":152,"column":11}},"52":{"start":{"line":156,"column":25},"end":{"line":156,"column":27}},"53":{"start":{"line":157,"column":25},"end":{"line":157,"column":27}},"54":{"start":{"line":159,"column":4},"end":{"line":162,"column":5}},"55":{"start":{"line":160,"column":6},"end":{"line":160,"column":36}},"56":{"start":{"line":161,"column":6},"end":{"line":161,"column":30}},"57":{"start":{"line":163,"column":4},"end":{"line":166,"column":5}},"58":{"start":{"line":164,"column":6},"end":{"line":164,"column":43}},"59":{"start":{"line":165,"column":6},"end":{"line":165,"column":45}},"60":{"start":{"line":168,"column":4},"end":{"line":173,"column":5}},"61":{"start":{"line":169,"column":6},"end":{"line":172,"column":9}},"62":{"start":{"line":175,"column":4},"end":{"line":175,"column":26}},"63":{"start":{"line":177,"column":4},"end":{"line":180,"column":6}},"64":{"start":{"line":182,"column":4},"end":{"line":185,"column":7}},"65":{"start":{"line":187,"column":4},"end":{"line":187,"column":16}},"66":{"start":{"line":192,"column":0},"end":{"line":231,"column":3}},"67":{"start":{"line":193,"column":2},"end":{"line":230,"column":3}},"68":{"start":{"line":194,"column":19},"end":{"line":194,"column":29}},"69":{"start":{"line":197,"column":25},"end":{"line":200,"column":5}},"70":{"start":{"line":202,"column":4},"end":{"line":207,"column":5}},"71":{"start":{"line":203,"column":6},"end":{"line":206,"column":9}},"72":{"start":{"line":210,"column":23},"end":{"line":213,"column":5}},"73":{"start":{"line":215,"column":4},"end":{"line":220,"column":5}},"74":{"start":{"line":216,"column":6},"end":{"line":219,"column":9}},"75":{"start":{"line":222,"column":4},"end":{"line":222,"column":68}},"76":{"start":{"line":224,"column":4},"end":{"line":227,"column":7}},"77":{"start":{"line":229,"column":4},"end":{"line":229,"column":16}},"78":{"start":{"line":234,"column":0},"end":{"line":332,"column":3}},"79":{"start":{"line":235,"column":2},"end":{"line":331,"column":3}},"80":{"start":{"line":236,"column":4},"end":{"line":241,"column":5}},"81":{"start":{"line":237,"column":6},"end":{"line":240,"column":9}},"82":{"start":{"line":243,"column":23},"end":{"line":243,"column":25}},"83":{"start":{"line":244,"column":19},"end":{"line":244,"column":21}},"84":{"start":{"line":246,"column":4},"end":{"line":325,"column":7}},"85":{"start":{"line":247,"column":6},"end":{"line":324,"column":11}},"86":{"start":{"line":250,"column":10},"end":{"line":250,"column":31}},"87":{"start":{"line":253,"column":10},"end":{"line":317,"column":11}},"88":{"start":{"line":254,"column":31},"end":{"line":254,"column":57}},"89":{"start":{"line":255,"column":12},"end":{"line":255,"column":48}},"90":{"start":{"line":257,"column":31},"end":{"line":257,"column":32}},"91":{"start":{"line":258,"column":29},"end":{"line":258,"column":30}},"92":{"start":{"line":260,"column":12},"end":{"line":294,"column":13}},"93":{"start":{"line":260,"column":25},"end":{"line":260,"column":26}},"94":{"start":{"line":261,"column":14},"end":{"line":293,"column":15}},"95":{"start":{"line":262,"column":28},"end":{"line":262,"column":41}},"96":{"start":{"line":263,"column":29},"end":{"line":263,"column":64}},"97":{"start":{"line":264,"column":36},"end":{"line":264,"column":85}},"98":{"start":{"line":266,"column":16},"end":{"line":270,"column":17}},"99":{"start":{"line":267,"column":18},"end":{"line":267,"column":73}},"100":{"start":{"line":268,"column":18},"end":{"line":268,"column":31}},"101":{"start":{"line":269,"column":18},"end":{"line":269,"column":27}},"102":{"start":{"line":273,"column":35},"end":{"line":276,"column":17}},"103":{"start":{"line":278,"column":16},"end":{"line":282,"column":17}},"104":{"start":{"line":279,"column":18},"end":{"line":279,"column":81}},"105":{"start":{"line":280,"column":18},"end":{"line":280,"column":31}},"106":{"start":{"line":281,"column":18},"end":{"line":281,"column":27}},"107":{"start":{"line":284,"column":16},"end":{"line":287,"column":18}},"108":{"start":{"line":289,"column":16},"end":{"line":289,"column":31}},"109":{"start":{"line":291,"column":16},"end":{"line":291,"column":60}},"110":{"start":{"line":292,"column":16},"end":{"line":292,"column":29}},"111":{"start":{"line":296,"column":12},"end":{"line":296,"column":38}},"112":{"start":{"line":297,"column":12},"end":{"line":297,"column":33}},"113":{"start":{"line":300,"column":12},"end":{"line":300,"column":41}},"114":{"start":{"line":302,"column":12},"end":{"line":310,"column":15}},"115":{"start":{"line":311,"column":12},"end":{"line":311,"column":22}},"116":{"start":{"line":313,"column":12},"end":{"line":315,"column":13}},"117":{"start":{"line":314,"column":14},"end":{"line":314,"column":43}},"118":{"start":{"line":316,"column":12},"end":{"line":316,"column":26}},"119":{"start":{"line":320,"column":10},"end":{"line":322,"column":11}},"120":{"start":{"line":321,"column":12},"end":{"line":321,"column":41}},"121":{"start":{"line":323,"column":10},"end":{"line":323,"column":24}},"122":{"start":{"line":327,"column":4},"end":{"line":329,"column":5}},"123":{"start":{"line":328,"column":6},"end":{"line":328,"column":35}},"124":{"start":{"line":330,"column":4},"end":{"line":330,"column":16}},"125":{"start":{"line":334,"column":0},"end":{"line":334,"column":24}}},"fnMap":{"0":{"name":"(anonymous_0)","decl":{"start":{"line":19,"column":16},"end":{"line":19,"column":17}},"loc":{"start":{"line":19,"column":42},"end":{"line":41,"column":1}},"line":19},"1":{"name":"(anonymous_1)","decl":{"start":{"line":44,"column":19},"end":{"line":44,"column":20}},"loc":{"start":{"line":44,"column":45},"end":{"line":65,"column":1}},"line":44},"2":{"name":"(anonymous_2)","decl":{"start":{"line":70,"column":3},"end":{"line":70,"column":4}},"loc":{"start":{"line":70,"column":29},"end":{"line":109,"column":1}},"line":70},"3":{"name":"(anonymous_3)","decl":{"start":{"line":114,"column":3},"end":{"line":114,"column":4}},"loc":{"start":{"line":114,"column":29},"end":{"line":189,"column":1}},"line":114},"4":{"name":"(anonymous_4)","decl":{"start":{"line":192,"column":22},"end":{"line":192,"column":23}},"loc":{"start":{"line":192,"column":48},"end":{"line":231,"column":1}},"line":192},"5":{"name":"(anonymous_5)","decl":{"start":{"line":234,"column":51},"end":{"line":234,"column":52}},"loc":{"start":{"line":234,"column":77},"end":{"line":332,"column":1}},"line":234},"6":{"name":"(anonymous_6)","decl":{"start":{"line":246,"column":23},"end":{"line":246,"column":24}},"loc":{"start":{"line":246,"column":44},"end":{"line":325,"column":5}},"line":246},"7":{"name":"(anonymous_7)","decl":{"start":{"line":249,"column":20},"end":{"line":249,"column":21}},"loc":{"start":{"line":249,"column":29},"end":{"line":251,"column":9}},"line":249},"8":{"name":"(anonymous_8)","decl":{"start":{"line":252,"column":19},"end":{"line":252,"column":20}},"loc":{"start":{"line":252,"column":31},"end":{"line":318,"column":9}},"line":252},"9":{"name":"(anonymous_9)","decl":{"start":{"line":319,"column":21},"end":{"line":319,"column":22}},"loc":{"start":{"line":319,"column":32},"end":{"line":324,"column":9}},"line":319}},"branchMap":{"0":{"loc":{"start":{"line":22,"column":4},"end":{"line":27,"column":5}},"type":"if","locations":[{"start":{"line":22,"column":4},"end":{"line":27,"column":5}},{"start":{},"end":{}}],"line":22},"1":{"loc":{"start":{"line":22,"column":8},"end":{"line":22,"column":39}},"type":"binary-expr","locations":[{"start":{"line":22,"column":8},"end":{"line":22,"column":24}},{"start":{"line":22,"column":28},"end":{"line":22,"column":39}}],"line":22},"2":{"loc":{"start":{"line":51,"column":4},"end":{"line":56,"column":5}},"type":"if","locations":[{"start":{"line":51,"column":4},"end":{"line":56,"column":5}},{"start":{},"end":{}}],"line":51},"3":{"loc":{"start":{"line":73,"column":4},"end":{"line":79,"column":5}},"type":"if","locations":[{"start":{"line":73,"column":4},"end":{"line":79,"column":5}},{"start":{},"end":{}}],"line":73},"4":{"loc":{"start":{"line":89,"column":4},"end":{"line":94,"column":5}},"type":"if","locations":[{"start":{"line":89,"column":4},"end":{"line":94,"column":5}},{"start":{},"end":{}}],"line":89},"5":{"loc":{"start":{"line":98,"column":25},"end":{"line":98,"column":44}},"type":"binary-expr","locations":[{"start":{"line":98,"column":25},"end":{"line":98,"column":36}},{"start":{"line":98,"column":40},"end":{"line":98,"column":44}}],"line":98},"6":{"loc":{"start":{"line":117,"column":4},"end":{"line":123,"column":5}},"type":"if","locations":[{"start":{"line":117,"column":4},"end":{"line":123,"column":5}},{"start":{},"end":{}}],"line":117},"7":{"loc":{"start":{"line":134,"column":4},"end":{"line":139,"column":5}},"type":"if","locations":[{"start":{"line":134,"column":4},"end":{"line":139,"column":5}},{"start":{},"end":{}}],"line":134},"8":{"loc":{"start":{"line":142,"column":4},"end":{"line":154,"column":5}},"type":"if","locations":[{"start":{"line":142,"column":4},"end":{"line":154,"column":5}},{"start":{},"end":{}}],"line":142},"9":{"loc":{"start":{"line":148,"column":6},"end":{"line":153,"column":7}},"type":"if","locations":[{"start":{"line":148,"column":6},"end":{"line":153,"column":7}},{"start":{},"end":{}}],"line":148},"10":{"loc":{"start":{"line":159,"column":4},"end":{"line":162,"column":5}},"type":"if","locations":[{"start":{"line":159,"column":4},"end":{"line":162,"column":5}},{"start":{},"end":{}}],"line":159},"11":{"loc":{"start":{"line":163,"column":4},"end":{"line":166,"column":5}},"type":"if","locations":[{"start":{"line":163,"column":4},"end":{"line":166,"column":5}},{"start":{},"end":{}}],"line":163},"12":{"loc":{"start":{"line":165,"column":24},"end":{"line":165,"column":43}},"type":"binary-expr","locations":[{"start":{"line":165,"column":24},"end":{"line":165,"column":35}},{"start":{"line":165,"column":39},"end":{"line":165,"column":43}}],"line":165},"13":{"loc":{"start":{"line":168,"column":4},"end":{"line":173,"column":5}},"type":"if","locations":[{"start":{"line":168,"column":4},"end":{"line":173,"column":5}},{"start":{},"end":{}}],"line":168},"14":{"loc":{"start":{"line":202,"column":4},"end":{"line":207,"column":5}},"type":"if","locations":[{"start":{"line":202,"column":4},"end":{"line":207,"column":5}},{"start":{},"end":{}}],"line":202},"15":{"loc":{"start":{"line":215,"column":4},"end":{"line":220,"column":5}},"type":"if","locations":[{"start":{"line":215,"column":4},"end":{"line":220,"column":5}},{"start":{},"end":{}}],"line":215},"16":{"loc":{"start":{"line":236,"column":4},"end":{"line":241,"column":5}},"type":"if","locations":[{"start":{"line":236,"column":4},"end":{"line":241,"column":5}},{"start":{},"end":{}}],"line":236},"17":{"loc":{"start":{"line":263,"column":30},"end":{"line":263,"column":56}},"type":"binary-expr","locations":[{"start":{"line":263,"column":30},"end":{"line":263,"column":38}},{"start":{"line":263,"column":42},"end":{"line":263,"column":50}},{"start":{"line":263,"column":54},"end":{"line":263,"column":56}}],"line":263},"18":{"loc":{"start":{"line":264,"column":37},"end":{"line":264,"column":77}},"type":"binary-expr","locations":[{"start":{"line":264,"column":37},"end":{"line":264,"column":52}},{"start":{"line":264,"column":56},"end":{"line":264,"column":71}},{"start":{"line":264,"column":75},"end":{"line":264,"column":77}}],"line":264},"19":{"loc":{"start":{"line":266,"column":16},"end":{"line":270,"column":17}},"type":"if","locations":[{"start":{"line":266,"column":16},"end":{"line":270,"column":17}},{"start":{},"end":{}}],"line":266},"20":{"loc":{"start":{"line":278,"column":16},"end":{"line":282,"column":17}},"type":"if","locations":[{"start":{"line":278,"column":16},"end":{"line":282,"column":17}},{"start":{},"end":{}}],"line":278},"21":{"loc":{"start":{"line":286,"column":37},"end":{"line":286,"column":56}},"type":"binary-expr","locations":[{"start":{"line":286,"column":37},"end":{"line":286,"column":48}},{"start":{"line":286,"column":52},"end":{"line":286,"column":56}}],"line":286},"22":{"loc":{"start":{"line":313,"column":12},"end":{"line":315,"column":13}},"type":"if","locations":[{"start":{"line":313,"column":12},"end":{"line":315,"column":13}},{"start":{},"end":{}}],"line":313},"23":{"loc":{"start":{"line":313,"column":16},"end":{"line":313,"column":56}},"type":"binary-expr","locations":[{"start":{"line":313,"column":16},"end":{"line":313,"column":24}},{"start":{"line":313,"column":28},"end":{"line":313,"column":56}}],"line":313},"24":{"loc":{"start":{"line":320,"column":10},"end":{"line":322,"column":11}},"type":"if","locations":[{"start":{"line":320,"column":10},"end":{"line":322,"column":11}},{"start":{},"end":{}}],"line":320},"25":{"loc":{"start":{"line":320,"column":14},"end":{"line":320,"column":54}},"type":"binary-expr","locations":[{"start":{"line":320,"column":14},"end":{"line":320,"column":22}},{"start":{"line":320,"column":26},"end":{"line":320,"column":54}}],"line":320},"26":{"loc":{"start":{"line":327,"column":4},"end":{"line":329,"column":5}},"type":"if","locations":[{"start":{"line":327,"column":4},"end":{"line":329,"column":5}},{"start":{},"end":{}}],"line":327},"27":{"loc":{"start":{"line":327,"column":8},"end":{"line":327,"column":48}},"type":"binary-expr","locations":[{"start":{"line":327,"column":8},"end":{"line":327,"column":16}},{"start":{"line":327,"column":20},"end":{"line":327,"column":48}}],"line":327}},"s":{"0":3,"1":3,"2":3,"3":3,"4":3,"5":3,"6":3,"7":3,"8":3,"9":3,"10":3,"11":3,"12":3,"13":0,"14":0,"15":0,"16":0,"17":0,"18":0,"19":3,"20":0,"21":0,"22":0,"23":0,"24":0,"25":0,"26":3,"27":0,"28":0,"29":0,"30":0,"31":0,"32":0,"33":0,"34":0,"35":0,"36":0,"37":0,"38":3,"39":0,"40":0,"41":0,"42":0,"43":0,"44":0,"45":0,"46":0,"47":0,"48":0,"49":0,"50":0,"51":0,"52":0,"53":0,"54":0,"55":0,"56":0,"57":0,"58":0,"59":0,"60":0,"61":0,"62":0,"63":0,"64":0,"65":0,"66":3,"67":0,"68":0,"69":0,"70":0,"71":0,"72":0,"73":0,"74":0,"75":0,"76":0,"77":0,"78":3,"79":0,"80":0,"81":0,"82":0,"83":0,"84":0,"85":0,"86":0,"87":0,"88":0,"89":0,"90":0,"91":0,"92":0,"93":0,"94":0,"95":0,"96":0,"97":0,"98":0,"99":0,"100":0,"101":0,"102":0,"103":0,"104":0,"105":0,"106":0,"107":0,"108":0,"109":0,"110":0,"111":0,"112":0,"113":0,"114":0,"115":0,"116":0,"117":0,"118":0,"119":0,"120":0,"121":0,"122":0,"123":0,"124":0,"125":3},"f":{"0":0,"1":0,"2":0,"3":0,"4":0,"5":0,"6":0,"7":0,"8":0,"9":0},"b":{"0":[0,0],"1":[0,0],"2":[0,0],"3":[0,0],"4":[0,0],"5":[0,0],"6":[0,0],"7":[0,0],"8":[0,0],"9":[0,0],"10":[0,0],"11":[0,0],"12":[0,0],"13":[0,0],"14":[0,0],"15":[0,0],"16":[0,0],"17":[0,0,0],"18":[0,0,0],"19":[0,0],"20":[0,0],"21":[0,0],"22":[0,0],"23":[0,0],"24":[0,0],"25":[0,0],"26":[0,0],"27":[0,0]},"_coverageSchema":"1a1c01bbd47fc00a2c39e90264f33305004495a9","hash":"69ae38b179f6a70298ed31c0dfb782b13bf17555"}
,"D:\\Project 2025\\multi-shopping-billing\\backend\\routes\\dashboard.js": {"path":"D:\\Project 2025\\multi-shopping-billing\\backend\\routes\\dashboard.js","statementMap":{"0":{"start":{"line":1,"column":16},"end":{"line":1,"column":34}},"1":{"start":{"line":2,"column":13},"end":{"line":2,"column":42}},"2":{"start":{"line":3,"column":25},"end":{"line":3,"column":54}},"3":{"start":{"line":4,"column":22},"end":{"line":4,"column":60}},"4":{"start":{"line":6,"column":15},"end":{"line":6,"column":31}},"5":{"start":{"line":8,"column":0},"end":{"line":8,"column":25}},"6":{"start":{"line":9,"column":0},"end":{"line":9,"column":26}},"7":{"start":{"line":12,"column":0},"end":{"line":118,"column":3}},"8":{"start":{"line":13,"column":2},"end":{"line":117,"column":3}},"9":{"start":{"line":15,"column":4},"end":{"line":20,"column":5}},"10":{"start":{"line":16,"column":6},"end":{"line":19,"column":9}},"11":{"start":{"line":22,"column":33},"end":{"line":22,"column":42}},"12":{"start":{"line":24,"column":21},"end":{"line":24,"column":23}},"13":{"start":{"line":25,"column":19},"end":{"line":25,"column":31}},"14":{"start":{"line":27,"column":16},"end":{"line":27,"column":26}},"15":{"start":{"line":30,"column":4},"end":{"line":54,"column":5}},"16":{"start":{"line":32,"column":8},"end":{"line":32,"column":79}},"17":{"start":{"line":33,"column":8},"end":{"line":33,"column":89}},"18":{"start":{"line":34,"column":8},"end":{"line":34,"column":14}},"19":{"start":{"line":36,"column":26},"end":{"line":36,"column":38}},"20":{"start":{"line":37,"column":8},"end":{"line":37,"column":34}},"21":{"start":{"line":38,"column":8},"end":{"line":38,"column":53}},"22":{"start":{"line":39,"column":8},"end":{"line":39,"column":39}},"23":{"start":{"line":40,"column":8},"end":{"line":40,"column":32}},"24":{"start":{"line":41,"column":8},"end":{"line":41,"column":42}},"25":{"start":{"line":42,"column":8},"end":{"line":42,"column":14}},"26":{"start":{"line":44,"column":8},"end":{"line":44,"column":67}},"27":{"start":{"line":45,"column":8},"end":{"line":45,"column":81}},"28":{"start":{"line":46,"column":8},"end":{"line":46,"column":14}},"29":{"start":{"line":48,"column":8},"end":{"line":48,"column":54}},"30":{"start":{"line":49,"column":8},"end":{"line":49,"column":66}},"31":{"start":{"line":50,"column":8},"end":{"line":50,"column":14}},"32":{"start":{"line":52,"column":8},"end":{"line":52,"column":79}},"33":{"start":{"line":53,"column":8},"end":{"line":53,"column":89}},"34":{"start":{"line":56,"column":4},"end":{"line":56,"column":63}},"35":{"start":{"line":57,"column":4},"end":{"line":57,"column":36}},"36":{"start":{"line":60,"column":29},"end":{"line":74,"column":5}},"37":{"start":{"line":77,"column":24},"end":{"line":83,"column":5}},"38":{"start":{"line":86,"column":23},"end":{"line":92,"column":5}},"39":{"start":{"line":94,"column":18},"end":{"line":94,"column":41}},"40":{"start":{"line":95,"column":20},"end":{"line":95,"column":50}},"41":{"start":{"line":96,"column":17},"end":{"line":96,"column":44}},"42":{"start":{"line":97,"column":19},"end":{"line":97,"column":48}},"43":{"start":{"line":98,"column":19},"end":{"line":98,"column":74}},"44":{"start":{"line":100,"column":4},"end":{"line":114,"column":7}},"45":{"start":{"line":116,"column":4},"end":{"line":116,"column":16}},"46":{"start":{"line":121,"column":0},"end":{"line":189,"column":3}},"47":{"start":{"line":122,"column":2},"end":{"line":188,"column":3}},"48":{"start":{"line":124,"column":4},"end":{"line":129,"column":5}},"49":{"start":{"line":125,"column":6},"end":{"line":128,"column":9}},"50":{"start":{"line":131,"column":50},"end":{"line":131,"column":59}},"51":{"start":{"line":133,"column":21},"end":{"line":133,"column":23}},"52":{"start":{"line":134,"column":21},"end":{"line":134,"column":31}},"53":{"start":{"line":135,"column":19},"end":{"line":135,"column":31}},"54":{"start":{"line":137,"column":16},"end":{"line":137,"column":26}},"55":{"start":{"line":140,"column":4},"end":{"line":162,"column":5}},"56":{"start":{"line":142,"column":26},"end":{"line":142,"column":38}},"57":{"start":{"line":143,"column":8},"end":{"line":143,"column":34}},"58":{"start":{"line":144,"column":8},"end":{"line":144,"column":53}},"59":{"start":{"line":145,"column":8},"end":{"line":145,"column":39}},"60":{"start":{"line":146,"column":8},"end":{"line":146,"column":32}},"61":{"start":{"line":147,"column":8},"end":{"line":147,"column":42}},"62":{"start":{"line":148,"column":8},"end":{"line":148,"column":14}},"63":{"start":{"line":150,"column":8},"end":{"line":150,"column":67}},"64":{"start":{"line":151,"column":8},"end":{"line":151,"column":81}},"65":{"start":{"line":152,"column":8},"end":{"line":152,"column":56}},"66":{"start":{"line":152,"column":32},"end":{"line":152,"column":56}},"67":{"start":{"line":153,"column":8},"end":{"line":153,"column":14}},"68":{"start":{"line":155,"column":8},"end":{"line":155,"column":54}},"69":{"start":{"line":156,"column":8},"end":{"line":156,"column":66}},"70":{"start":{"line":157,"column":8},"end":{"line":157,"column":29}},"71":{"start":{"line":158,"column":8},"end":{"line":158,"column":14}},"72":{"start":{"line":160,"column":8},"end":{"line":160,"column":79}},"73":{"start":{"line":161,"column":8},"end":{"line":161,"column":89}},"74":{"start":{"line":164,"column":4},"end":{"line":164,"column":63}},"75":{"start":{"line":165,"column":4},"end":{"line":165,"column":36}},"76":{"start":{"line":167,"column":24},"end":{"line":180,"column":5}},"77":{"start":{"line":182,"column":4},"end":{"line":185,"column":7}},"78":{"start":{"line":187,"column":4},"end":{"line":187,"column":16}},"79":{"start":{"line":192,"column":0},"end":{"line":257,"column":3}},"80":{"start":{"line":193,"column":2},"end":{"line":256,"column":3}},"81":{"start":{"line":195,"column":4},"end":{"line":200,"column":5}},"82":{"start":{"line":196,"column":6},"end":{"line":199,"column":9}},"83":{"start":{"line":202,"column":33},"end":{"line":202,"column":42}},"84":{"start":{"line":204,"column":21},"end":{"line":204,"column":23}},"85":{"start":{"line":205,"column":19},"end":{"line":205,"column":31}},"86":{"start":{"line":207,"column":16},"end":{"line":207,"column":26}},"87":{"start":{"line":210,"column":4},"end":{"line":230,"column":5}},"88":{"start":{"line":212,"column":26},"end":{"line":212,"column":38}},"89":{"start":{"line":213,"column":8},"end":{"line":213,"column":34}},"90":{"start":{"line":214,"column":8},"end":{"line":214,"column":53}},"91":{"start":{"line":215,"column":8},"end":{"line":215,"column":39}},"92":{"start":{"line":216,"column":8},"end":{"line":216,"column":32}},"93":{"start":{"line":217,"column":8},"end":{"line":217,"column":42}},"94":{"start":{"line":218,"column":8},"end":{"line":218,"column":14}},"95":{"start":{"line":220,"column":8},"end":{"line":220,"column":67}},"96":{"start":{"line":221,"column":8},"end":{"line":221,"column":81}},"97":{"start":{"line":222,"column":8},"end":{"line":222,"column":14}},"98":{"start":{"line":224,"column":8},"end":{"line":224,"column":54}},"99":{"start":{"line":225,"column":8},"end":{"line":225,"column":66}},"100":{"start":{"line":226,"column":8},"end":{"line":226,"column":14}},"101":{"start":{"line":228,"column":8},"end":{"line":228,"column":67}},"102":{"start":{"line":229,"column":8},"end":{"line":229,"column":81}},"103":{"start":{"line":232,"column":4},"end":{"line":232,"column":63}},"104":{"start":{"line":233,"column":4},"end":{"line":233,"column":36}},"105":{"start":{"line":235,"column":27},"end":{"line":248,"column":5}},"106":{"start":{"line":250,"column":4},"end":{"line":253,"column":7}},"107":{"start":{"line":255,"column":4},"end":{"line":255,"column":16}},"108":{"start":{"line":259,"column":0},"end":{"line":259,"column":24}}},"fnMap":{"0":{"name":"(anonymous_0)","decl":{"start":{"line":12,"column":21},"end":{"line":12,"column":22}},"loc":{"start":{"line":12,"column":47},"end":{"line":118,"column":1}},"line":12},"1":{"name":"(anonymous_1)","decl":{"start":{"line":121,"column":29},"end":{"line":121,"column":30}},"loc":{"start":{"line":121,"column":55},"end":{"line":189,"column":1}},"line":121},"2":{"name":"(anonymous_2)","decl":{"start":{"line":192,"column":30},"end":{"line":192,"column":31}},"loc":{"start":{"line":192,"column":56},"end":{"line":257,"column":1}},"line":192}},"branchMap":{"0":{"loc":{"start":{"line":15,"column":4},"end":{"line":20,"column":5}},"type":"if","locations":[{"start":{"line":15,"column":4},"end":{"line":20,"column":5}},{"start":{},"end":{}}],"line":15},"1":{"loc":{"start":{"line":15,"column":8},"end":{"line":15,"column":39}},"type":"binary-expr","locations":[{"start":{"line":15,"column":8},"end":{"line":15,"column":24}},{"start":{"line":15,"column":28},"end":{"line":15,"column":39}}],"line":15},"2":{"loc":{"start":{"line":22,"column":12},"end":{"line":22,"column":28}},"type":"default-arg","locations":[{"start":{"line":22,"column":21},"end":{"line":22,"column":28}}],"line":22},"3":{"loc":{"start":{"line":30,"column":4},"end":{"line":54,"column":5}},"type":"switch","locations":[{"start":{"line":31,"column":6},"end":{"line":34,"column":14}},{"start":{"line":35,"column":6},"end":{"line":42,"column":14}},{"start":{"line":43,"column":6},"end":{"line":46,"column":14}},{"start":{"line":47,"column":6},"end":{"line":50,"column":14}},{"start":{"line":51,"column":6},"end":{"line":53,"column":89}}],"line":30},"4":{"loc":{"start":{"line":94,"column":18},"end":{"line":94,"column":41}},"type":"binary-expr","locations":[{"start":{"line":94,"column":18},"end":{"line":94,"column":35}},{"start":{"line":94,"column":39},"end":{"line":94,"column":41}}],"line":94},"5":{"loc":{"start":{"line":95,"column":31},"end":{"line":95,"column":49}},"type":"binary-expr","locations":[{"start":{"line":95,"column":31},"end":{"line":95,"column":44}},{"start":{"line":95,"column":48},"end":{"line":95,"column":49}}],"line":95},"6":{"loc":{"start":{"line":96,"column":28},"end":{"line":96,"column":43}},"type":"binary-expr","locations":[{"start":{"line":96,"column":28},"end":{"line":96,"column":38}},{"start":{"line":96,"column":42},"end":{"line":96,"column":43}}],"line":96},"7":{"loc":{"start":{"line":97,"column":30},"end":{"line":97,"column":47}},"type":"binary-expr","locations":[{"start":{"line":97,"column":30},"end":{"line":97,"column":42}},{"start":{"line":97,"column":46},"end":{"line":97,"column":47}}],"line":97},"8":{"loc":{"start":{"line":98,"column":19},"end":{"line":98,"column":74}},"type":"cond-expr","locations":[{"start":{"line":98,"column":33},"end":{"line":98,"column":70}},{"start":{"line":98,"column":73},"end":{"line":98,"column":74}}],"line":98},"9":{"loc":{"start":{"line":107,"column":30},"end":{"line":107,"column":52}},"type":"binary-expr","locations":[{"start":{"line":107,"column":30},"end":{"line":107,"column":47}},{"start":{"line":107,"column":51},"end":{"line":107,"column":52}}],"line":107},"10":{"loc":{"start":{"line":108,"column":31},"end":{"line":108,"column":60}},"type":"binary-expr","locations":[{"start":{"line":108,"column":31},"end":{"line":108,"column":55}},{"start":{"line":108,"column":59},"end":{"line":108,"column":60}}],"line":108},"11":{"loc":{"start":{"line":109,"column":35},"end":{"line":109,"column":60}},"type":"binary-expr","locations":[{"start":{"line":109,"column":35},"end":{"line":109,"column":55}},{"start":{"line":109,"column":59},"end":{"line":109,"column":60}}],"line":109},"12":{"loc":{"start":{"line":110,"column":30},"end":{"line":110,"column":50}},"type":"binary-expr","locations":[{"start":{"line":110,"column":30},"end":{"line":110,"column":45}},{"start":{"line":110,"column":49},"end":{"line":110,"column":50}}],"line":110},"13":{"loc":{"start":{"line":111,"column":34},"end":{"line":111,"column":58}},"type":"binary-expr","locations":[{"start":{"line":111,"column":34},"end":{"line":111,"column":53}},{"start":{"line":111,"column":57},"end":{"line":111,"column":58}}],"line":111},"14":{"loc":{"start":{"line":112,"column":34},"end":{"line":112,"column":67}},"type":"binary-expr","locations":[{"start":{"line":112,"column":34},"end":{"line":112,"column":62}},{"start":{"line":112,"column":66},"end":{"line":112,"column":67}}],"line":112},"15":{"loc":{"start":{"line":124,"column":4},"end":{"line":129,"column":5}},"type":"if","locations":[{"start":{"line":124,"column":4},"end":{"line":129,"column":5}},{"start":{},"end":{}}],"line":124},"16":{"loc":{"start":{"line":124,"column":8},"end":{"line":124,"column":39}},"type":"binary-expr","locations":[{"start":{"line":124,"column":8},"end":{"line":124,"column":24}},{"start":{"line":124,"column":28},"end":{"line":124,"column":39}}],"line":124},"17":{"loc":{"start":{"line":131,"column":12},"end":{"line":131,"column":27}},"type":"default-arg","locations":[{"start":{"line":131,"column":21},"end":{"line":131,"column":27}}],"line":131},"18":{"loc":{"start":{"line":131,"column":29},"end":{"line":131,"column":45}},"type":"default-arg","locations":[{"start":{"line":131,"column":40},"end":{"line":131,"column":45}}],"line":131},"19":{"loc":{"start":{"line":140,"column":4},"end":{"line":162,"column":5}},"type":"switch","locations":[{"start":{"line":141,"column":6},"end":{"line":148,"column":14}},{"start":{"line":149,"column":6},"end":{"line":153,"column":14}},{"start":{"line":154,"column":6},"end":{"line":158,"column":14}},{"start":{"line":159,"column":6},"end":{"line":161,"column":89}}],"line":140},"20":{"loc":{"start":{"line":152,"column":8},"end":{"line":152,"column":56}},"type":"if","locations":[{"start":{"line":152,"column":8},"end":{"line":152,"column":56}},{"start":{},"end":{}}],"line":152},"21":{"loc":{"start":{"line":195,"column":4},"end":{"line":200,"column":5}},"type":"if","locations":[{"start":{"line":195,"column":4},"end":{"line":200,"column":5}},{"start":{},"end":{}}],"line":195},"22":{"loc":{"start":{"line":195,"column":8},"end":{"line":195,"column":39}},"type":"binary-expr","locations":[{"start":{"line":195,"column":8},"end":{"line":195,"column":24}},{"start":{"line":195,"column":28},"end":{"line":195,"column":39}}],"line":195},"23":{"loc":{"start":{"line":202,"column":12},"end":{"line":202,"column":28}},"type":"default-arg","locations":[{"start":{"line":202,"column":21},"end":{"line":202,"column":28}}],"line":202},"24":{"loc":{"start":{"line":210,"column":4},"end":{"line":230,"column":5}},"type":"switch","locations":[{"start":{"line":211,"column":6},"end":{"line":218,"column":14}},{"start":{"line":219,"column":6},"end":{"line":222,"column":14}},{"start":{"line":223,"column":6},"end":{"line":226,"column":14}},{"start":{"line":227,"column":6},"end":{"line":229,"column":81}}],"line":210}},"s":{"0":3,"1":3,"2":3,"3":3,"4":3,"5":3,"6":3,"7":3,"8":0,"9":0,"10":0,"11":0,"12":0,"13":0,"14":0,"15":0,"16":0,"17":0,"18":0,"19":0,"20":0,"21":0,"22":0,"23":0,"24":0,"25":0,"26":0,"27":0,"28":0,"29":0,"30":0,"31":0,"32":0,"33":0,"34":0,"35":0,"36":0,"37":0,"38":0,"39":0,"40":0,"41":0,"42":0,"43":0,"44":0,"45":0,"46":3,"47":0,"48":0,"49":0,"50":0,"51":0,"52":0,"53":0,"54":0,"55":0,"56":0,"57":0,"58":0,"59":0,"60":0,"61":0,"62":0,"63":0,"64":0,"65":0,"66":0,"67":0,"68":0,"69":0,"70":0,"71":0,"72":0,"73":0,"74":0,"75":0,"76":0,"77":0,"78":0,"79":3,"80":0,"81":0,"82":0,"83":0,"84":0,"85":0,"86":0,"87":0,"88":0,"89":0,"90":0,"91":0,"92":0,"93":0,"94":0,"95":0,"96":0,"97":0,"98":0,"99":0,"100":0,"101":0,"102":0,"103":0,"104":0,"105":0,"106":0,"107":0,"108":3},"f":{"0":0,"1":0,"2":0},"b":{"0":[0,0],"1":[0,0],"2":[0],"3":[0,0,0,0,0],"4":[0,0],"5":[0,0],"6":[0,0],"7":[0,0],"8":[0,0],"9":[0,0],"10":[0,0],"11":[0,0],"12":[0,0],"13":[0,0],"14":[0,0],"15":[0,0],"16":[0,0],"17":[0],"18":[0],"19":[0,0,0,0],"20":[0,0],"21":[0,0],"22":[0,0],"23":[0],"24":[0,0,0,0]},"_coverageSchema":"1a1c01bbd47fc00a2c39e90264f33305004495a9","hash":"642ca90403f29f635e31b44533890c889f59ff69"}
[...]
column":69}}],"line":130},"6":{"loc":{"start":{"line":130,"column":71},"end":{"line":130,"column":84}},"type":"binary-expr","locations":[{"start":{"line":130,"column":71},"end":{"line":130,"column":76}},{"start":{"line":130,"column":80},"end":{"line":130,"column":84}}],"line":130},"7":{"loc":{"start":{"line":141,"column":6},"end":{"line":147,"column":7}},"type":"if","locations":[{"start":{"line":141,"column":6},"end":{"line":147,"column":7}},{"start":{},"end":{}}],"line":141},"8":{"loc":{"start":{"line":162,"column":6},"end":{"line":229,"column":7}},"type":"if","locations":[{"start":{"line":162,"column":6},"end":{"line":229,"column":7}},{"start":{},"end":{}}],"line":162},"9":{"loc":{"start":{"line":167,"column":10},"end":{"line":224,"column":11}},"type":"if","locations":[{"start":{"line":167,"column":10},"end":{"line":224,"column":11}},{"start":{"line":200,"column":17},"end":{"line":224,"column":11}}],"line":167},"10":{"loc":{"start":{"line":179,"column":32},"end":{"line":179,"column":83}},"type":"binary-expr","locations":[{"start":{"line":179,"column":32},"end":{"line":179,"column":56}},{"start":{"line":179,"column":60},"end":{"line":179,"column":83}}],"line":179},"11":{"loc":{"start":{"line":213,"column":32},"end":{"line":213,"column":83}},"type":"binary-expr","locations":[{"start":{"line":213,"column":32},"end":{"line":213,"column":56}},{"start":{"line":213,"column":60},"end":{"line":213,"column":83}}],"line":213},"12":{"loc":{"start":{"line":236,"column":14},"end":{"line":236,"column":62}},"type":"binary-expr","locations":[{"start":{"line":236,"column":14},"end":{"line":236,"column":28}},{"start":{"line":236,"column":32},"end":{"line":236,"column":62}}],"line":236},"13":{"loc":{"start":{"line":257,"column":4},"end":{"line":263,"column":5}},"type":"if","locations":[{"start":{"line":257,"column":4},"end":{"line":263,"column":5}},{"start":{},"end":{}}],"line":257},"14":{"loc":{"start":{"line":270,"column":4},"end":{"line":275,"column":5}},"type":"if","locations":[{"start":{"line":270,"column":4},"end":{"line":275,"column":5}},{"start":{},"end":{}}],"line":270},"15":{"loc":{"start":{"line":278,"column":4},"end":{"line":289,"column":5}},"type":"if","locations":[{"start":{"line":278,"column":4},"end":{"line":289,"column":5}},{"start":{},"end":{}}],"line":278},"16":{"loc":{"start":{"line":283,"column":6},"end":{"line":288,"column":7}},"type":"if","locations":[{"start":{"line":283,"column":6},"end":{"line":288,"column":7}},{"start":{},"end":{}}],"line":283},"17":{"loc":{"start":{"line":295,"column":4},"end":{"line":295,"column":77}},"type":"if","locations":[{"start":{"line":295,"column":4},"end":{"line":295,"column":77}},{"start":{},"end":{}}],"line":295},"18":{"loc":{"start":{"line":296,"column":4},"end":{"line":296,"column":80}},"type":"if","locations":[{"start":{"line":296,"column":4},"end":{"line":296,"column":80}},{"start":{},"end":{}}],"line":296},"19":{"loc":{"start":{"line":297,"column":4},"end":{"line":297,"column":65}},"type":"if","locations":[{"start":{"line":297,"column":4},"end":{"line":297,"column":65}},{"start":{},"end":{}}],"line":297},"20":{"loc":{"start":{"line":298,"column":4},"end":{"line":298,"column":87}},"type":"if","locations":[{"start":{"line":298,"column":4},"end":{"line":298,"column":87}},{"start":{},"end":{}}],"line":298},"21":{"loc":{"start":{"line":298,"column":70},"end":{"line":298,"column":83}},"type":"binary-expr","locations":[{"start":{"line":298,"column":70},"end":{"line":298,"column":75}},{"start":{"line":298,"column":79},"end":{"line":298,"column":83}}],"line":298},"22":{"loc":{"start":{"line":299,"column":4},"end":{"line":299,"column":93}},"type":"if","locations":[{"start":{"line":299,"column":4},"end":{"line":299,"column":93}},{"start":{},"end":{}}],"line":299},"23":{"loc":{"start":{"line":299,"column":74},"end":{"line":299,"column":89}},"type":"binary-expr","locations":[{"start":{"line":299,"column":74},"end":{"line":299,"column":81}},{"start":{"line":299,"column":85},"end":{"line":299,"column":89}}],"line":299},"24":{"loc":{"start":{"line":300,"column":4},"end":{"line":300,"column":87}},"type":"if","locations":[{"start":{"line":300,"column":4},"end":{"line":300,"column":87}},{"start":{},"end":{}}],"line":300},"25":{"loc":{"start":{"line":300,"column":70},"end":{"line":300,"column":83}},"type":"binary-expr","locations":[{"start":{"line":300,"column":70},"end":{"line":300,"column":75}},{"start":{"line":300,"column":79},"end":{"line":300,"column":83}}],"line":300},"26":{"loc":{"start":{"line":302,"column":4},"end":{"line":307,"column":5}},"type":"if","locations":[{"start":{"line":302,"column":4},"end":{"line":307,"column":5}},{"start":{},"end":{}}],"line":302},"27":{"loc":{"start":{"line":331,"column":4},"end":{"line":336,"column":5}},"type":"if","locations":[{"start":{"line":331,"column":4},"end":{"line":336,"column":5}},{"start":{},"end":{}}],"line":331},"28":{"loc":{"start":{"line":381,"column":4},"end":{"line":387,"column":5}},"type":"if","locations":[{"start":{"line":381,"column":4},"end":{"line":387,"column":5}},{"start":{},"end":{}}],"line":381},"29":{"loc":{"start":{"line":394,"column":4},"end":{"line":399,"column":5}},"type":"if","locations":[{"start":{"line":394,"column":4},"end":{"line":399,"column":5}},{"start":{},"end":{}}],"line":394},"30":{"loc":{"start":{"line":407,"column":4},"end":{"line":412,"column":5}},"type":"if","locations":[{"start":{"line":407,"column":4},"end":{"line":412,"column":5}},{"start":{},"end":{}}],"line":407},"31":{"loc":{"start":{"line":421,"column":4},"end":{"line":426,"column":5}},"type":"if","locations":[{"start":{"line":421,"column":4},"end":{"line":426,"column":5}},{"start":{},"end":{}}],"line":421},"32":{"loc":{"start":{"line":432,"column":52},"end":{"line":432,"column":69}},"type":"binary-expr","locations":[{"start":{"line":432,"column":52},"end":{"line":432,"column":61}},{"start":{"line":432,"column":65},"end":{"line":432,"column":69}}],"line":432},"33":{"loc":{"start":{"line":432,"column":71},"end":{"line":432,"column":84}},"type":"binary-expr","locations":[{"start":{"line":432,"column":71},"end":{"line":432,"column":76}},{"start":{"line":432,"column":80},"end":{"line":432,"column":84}}],"line":432},"34":{"loc":{"start":{"line":451,"column":4},"end":{"line":457,"column":5}},"type":"if","locations":[{"start":{"line":451,"column":4},"end":{"line":457,"column":5}},{"start":{},"end":{}}],"line":451},"35":{"loc":{"start":{"line":464,"column":4},"end":{"line":469,"column":5}},"type":"if","locations":[{"start":{"line":464,"column":4},"end":{"line":469,"column":5}},{"start":{},"end":{}}],"line":464},"36":{"loc":{"start":{"line":489,"column":4},"end":{"line":494,"column":5}},"type":"if","locations":[{"start":{"line":489,"column":4},"end":{"line":494,"column":5}},{"start":{},"end":{}}],"line":489},"37":{"loc":{"start":{"line":508,"column":24},"end":{"line":508,"column":75}},"type":"binary-expr","locations":[{"start":{"line":508,"column":24},"end":{"line":508,"column":48}},{"start":{"line":508,"column":52},"end":{"line":508,"column":75}}],"line":508}},"s":{"0":3,"1":3,"2":3,"3":3,"4":3,"5":3,"6":3,"7":3,"8":3,"9":0,"10":0,"11":0,"12":3,"13":3,"14":0,"15":0,"16":0,"17":0,"18":3,"19":0,"20":0,"21":0,"22":0,"23":0,"24":0,"25":0,"26":3,"27":0,"28":0,"29":0,"30":0,"31":0,"32":0,"33":0,"34":0,"35":0,"36":0,"37":0,"38":0,"39":0,"40":0,"41":0,"42":0,"43":0,"44":0,"45":0,"46":0,"47":0,"48":0,"49":0,"50":0,"51":0,"52":0,"53":0,"54":0,"55":0,"56":0,"57":0,"58":0,"59":0,"60":0,"61":0,"62":0,"63":0,"64":0,"65":0,"66":0,"67":0,"68":0,"69":0,"70":0,"71":0,"72":0,"73":0,"74":0,"75":0,"76":0,"77":0,"78":0,"79":0,"80":0,"81":0,"82":3,"83":0,"84":0,"85":0,"86":0,"87":0,"88":0,"89":0,"90":0,"91":0,"92":0,"93":0,"94":0,"95":0,"96":0,"97":0,"98":0,"99":0,"100":0,"101":0,"102":0,"103":0,"104":0,"105":0,"106":0,"107":0,"108":0,"109":0,"110":0,"111":0,"112":0,"113":0,"114":0,"115":0,"116":0,"117":0,"118":0,"119":0,"120":0,"121":0,"122":3,"123":0,"124":0,"125":0,"126":0,"127":0,"128":0,"129":0,"130":3,"131":0,"132":0,"133":0,"134":0,"135":0,"136":3,"137":0,"138":0,"139":0,"140":0,"141":0,"142":0,"143":0,"144":0,"145":0,"146":0,"147":0,"148":0,"149":0,"150":0,"151":0,"152":0,"153":0,"154":0,"155":0,"156":3,"157":0,"158":0,"159":0,"160":0,"161":0,"162":0,"163":0,"164":0,"165":0,"166":0,"167":0,"168":0,"169":0,"170":0,"171":0,"172":0,"173":0,"174":0,"175":0,"176":0,"177":0,"178":0,"179":0,"180":0,"181":0,"182":0,"183":0,"184":0,"185":0,"186":0,"187":0,"188":0,"189":0,"190":3},"f":{"0":0,"1":0,"2":0,"3":0,"4":0,"5":0,"6":0,"7":0,"8":0,"9":0,"10":0,"11":0,"12":0,"13":0,"14":0},"b":{"0":[0,0],"1":[0,0],"2":[0,0],"3":[0,0],"4":[0,0],"5":[0,0],"6":[0,0],"7":[0,0],"8":[0,0],"9":[0,0],"10":[0,0],"11":[0,0],"12":[0,0],"13":[0,0],"14":[0,0],"15":[0,0],"16":[0,0],"17":[0,0],"18":[0,0],"19":[0,0],"20":[0,0],"21":[0,0],"22":[0,0],"23":[0,0],"24":[0,0],"25":[0,0],"26":[0,0],"27":[0,0],"28":[0,0],"29":[0,0],"30":[0,0],"31":[0,0],"32":[0,0],"33":[0,0],"34":[0,0],"35":[0,0],"36":[0,0],"37":[0,0]},"_coverageSchema":"1a1c01bbd47fc00a2c39e90264f33305004495a9","hash":"a74d0c200f7135130b130ba1b62f0b73f63e1725"}
,"D:\\Project 2025\\multi-shopping-billing\\backend\\utils\\deviceInfo.js": {"path":"D:\\Project 2025\\multi-shopping-billing\\backend\\utils\\deviceInfo.js","statementMap":{"0":{"start":{"line":11,"column":2},"end":{"line":17,"column":3}},"1":{"start":{"line":12,"column":4},"end":{"line":16,"column":6}},"2":{"start":{"line":19,"column":13},"end":{"line":19,"column":36}},"3":{"start":{"line":22,"column":19},"end":{"line":22,"column":28}},"4":{"start":{"line":23,"column":2},"end":{"line":27,"column":3}},"5":{"start":{"line":24,"column":4},"end":{"line":24,"column":26}},"6":{"start":{"line":25,"column":9},"end":{"line":27,"column":3}},"7":{"start":{"line":26,"column":4},"end":{"line":26,"column":26}},"8":{"start":{"line":30,"column":16},"end":{"line":30,"column":25}},"9":{"start":{"line":31,"column":2},"end":{"line":43,"column":3}},"10":{"start":{"line":32,"column":4},"end":{"line":32,"column":23}},"11":{"start":{"line":33,"column":9},"end":{"line":43,"column":3}},"12":{"start":{"line":34,"column":4},"end":{"line":34,"column":24}},"13":{"start":{"line":35,"column":9},"end":{"line":43,"column":3}},"14":{"start":{"line":36,"column":4},"end":{"line":36,"column":23}},"15":{"start":{"line":37,"column":9},"end":{"line":43,"column":3}},"16":{"start":{"line":38,"column":4},"end":{"line":38,"column":21}},"17":{"start":{"line":39,"column":9},"end":{"line":43,"column":3}},"18":{"start":{"line":40,"column":4},"end":{"line":40,"column":22}},"19":{"start":{"line":41,"column":9},"end":{"line":43,"column":3}},"20":{"start":{"line":42,"column":4},"end":{"line":42,"column":34}},"21":{"start":{"line":46,"column":11},"end":{"line":46,"column":20}},"22":{"start":{"line":47,"column":2},"end":{"line":69,"column":3}},"23":{"start":{"line":48,"column":4},"end":{"line":58,"column":5}},"24":{"start":{"line":49,"column":6},"end":{"line":49,"column":27}},"25":{"start":{"line":50,"column":11},"end":{"line":58,"column":5}},"26":{"start":{"line":51,"column":6},"end":{"line":51,"column":25}},"27":{"start":{"line":52,"column":11},"end":{"line":58,"column":5}},"28":{"start":{"line":53,"column":6},"end":{"line":53,"column":23}},"29":{"start":{"line":54,"column":11},"end":{"line":58,"column":5}},"30":{"start":{"line":55,"column":6},"end":{"line":55,"column":23}},"31":{"start":{"line":57,"column":6},"end":{"line":57,"column":21}},"32":{"start":{"line":59,"column":9},"end":{"line":69,"column":3}},"33":{"start":{"line":60,"column":4},"end":{"line":60,"column":17}},"34":{"start":{"line":61,"column":9},"end":{"line":69,"column":3}},"35":{"start":{"line":62,"column":4},"end":{"line":62,"column":17}},"36":{"start":{"line":63,"column":9},"end":{"line":69,"column":3}},"37":{"start":{"line":64,"column":27},"end":{"line":64,"column":58}},"38":{"start":{"line":65,"column":4},"end":{"line":65,"column":69}},"39":{"start":{"line":66,"column":9},"end":{"line":69,"column":3}},"40":{"start":{"line":67,"column":23},"end":{"line":67,"column":48}},"41":{"start":{"line":68,"column":4},"end":{"line":68,"column":72}},"42":{"start":{"line":71,"column":2},"end":{"line":75,"column":4}},"43":{"start":{"line":84,"column":2},"end":{"line":91,"column":4}},"44":{"start":{"line":94,"column":0},"end":{"line":97,"column":2}}},"fnMap":{"0":{"name":"parseUserAgent","decl":{"start":{"line":10,"column":9},"end":{"line":10,"column":23}},"loc":{"start":{"line":10,"column":35},"end":{"line":76,"column":1}},"line":10},"1":{"name":"getClientIp","decl":{"start":{"line":83,"column":9},"end":{"line":83,"column":20}},"loc":{"start":{"line":83,"column":26},"end":{"line":92,"column":1}},"line":83}},"branchMap":{"0":{"loc":{"start":{"line":11,"column":2},"end":{"line":17,"column":3}},"type":"if","locations":[{"start":{"line":11,"column":2},"end":{"line":17,"column":3}},{"start":{},"end":{}}],"line":11},"1":{"loc":{"start":{"line":23,"column":2},"end":{"line":27,"column":3}},"type":"if","locations":[{"start":{"line":23,"column":2},"end":{"line":27,"column":3}},{"start":{"line":25,"column":9},"end":{"line":27,"column":3}}],"line":23},"2":{"loc":{"start":{"line":25,"column":9},"end":{"line":27,"column":3}},"type":"if","locations":[{"start":{"line":25,"column":9},"end":{"line":27,"column":3}},{"start":{},"end":{}}],"line":25},"3":{"loc":{"start":{"line":31,"column":2},"end":{"line":43,"column":3}},"type":"if","locations":[{"start":{"line":31,"column":2},"end":{"line":43,"column":3}},{"start":{"line":33,"column":9},"end":{"line":43,"column":3}}],"line":31},"4":{"loc":{"start":{"line":31,"column":6},"end":{"line":31,"column":50}},"type":"binary-expr","locations":[{"start":{"line":31,"column":6},"end":{"line":31,"column":27}},{"start":{"line":31,"column":31},"end":{"line":31,"column":50}}],"line":31},"5":{"loc":{"start":{"line":33,"column":9},"end":{"line":43,"column":3}},"type":"if","locations":[{"start":{"line":33,"column":9},"end":{"line":43,"column":3}},{"start":{"line":35,"column":9},"end":{"line":43,"column":3}}],"line":33},"6":{"loc":{"start":{"line":35,"column":9},"end":{"line":43,"column":3}},"type":"if","locations":[{"start":{"line":35,"column":9},"end":{"line":43,"column":3}},{"start":{"line":37,"column":9},"end":{"line":43,"column":3}}],"line":35},"7":{"loc":{"start":{"line":35,"column":13},"end":{"line":35,"column":60}},"type":"binary-expr","locations":[{"start":{"line":35,"column":13},"end":{"line":35,"column":34}},{"start":{"line":35,"column":38},"end":{"line":35,"column":60}}],"line":35},"8":{"loc":{"start":{"line":37,"column":9},"end":{"line":43,"column":3}},"type":"if","locations":[{"start":{"line":37,"column":9},"end":{"line":43,"column":3}},{"start":{"line":39,"column":9},"end":{"line":43,"column":3}}],"line":37},"9":{"loc":{"start":{"line":39,"column":9},"end":{"line":43,"column":3}},"type":"if","locations":[{"start":{"line":39,"column":9},"end":{"line":43,"column":3}},{"start":{"line":41,"column":9},"end":{"line":43,"column":3}}],"line":39},"10":{"loc":{"start":{"line":39,"column":13},"end":{"line":39,"column":55}},"type":"binary-expr","locations":[{"start":{"line":39,"column":13},"end":{"line":39,"column":33}},{"start":{"line":39,"column":37},"end":{"line":39,"column":55}}],"line":39},"11":{"loc":{"start":{"line":41,"column":9},"end":{"line":43,"column":3}},"type":"if","locations":[{"start":{"line":41,"column":9},"end":{"line":43,"column":3}},{"start":{},"end":{}}],"line":41},"12":{"loc":{"start":{"line":41,"column":13},"end":{"line":41,"column":58}},"type":"binary-expr","locations":[{"start":{"line":41,"column":13},"end":{"line":41,"column":32}},{"start":{"line":41,"column":36},"end":{"line":41,"column":58}}],"line":41},"13":{"loc":{"start":{"line":47,"column":2},"end":{"line":69,"column":3}},"type":"if","locations":[{"start":{"line":47,"column":2},"end":{"line":69,"column":3}},{"start":{"line":59,"column":9},"end":{"line":69,"column":3}}],"line":47},"14":{"loc":{"start":{"line":48,"column":4},"end":{"line":58,"column":5}},"type":"if","locations":[{"start":{"line":48,"column":4},"end":{"line":58,"column":5}},{"start":{"line":50,"column":11},"end":{"line":58,"column":5}}],"line":48},"15":{"loc":{"start":{"line":50,"column":11},"end":{"line":58,"column":5}},"type":"if","locations":[{"start":{"line":50,"column":11},"end":{"line":58,"column":5}},{"start":{"line":52,"column":11},"end":{"line":58,"column":5}}],"line":50},"16":{"loc":{"start":{"line":52,"column":11},"end":{"line":58,"column":5}},"type":"if","locations":[{"start":{"line":52,"column":11},"end":{"line":58,"column":5}},{"start":{"line":54,"column":11},"end":{"line":58,"column":5}}],"line":52},"17":{"loc":{"start":{"line":54,"column":11},"end":{"line":58,"column":5}},"type":"if","locations":[{"start":{"line":54,"column":11},"end":{"line":58,"column":5}},{"start":{"line":56,"column":11},"end":{"line":58,"column":5}}],"line":54},"18":{"loc":{"start":{"line":59,"column":9},"end":{"line":69,"column":3}},"type":"if","locations":[{"start":{"line":59,"column":9},"end":{"line":69,"column":3}},{"start":{"line":61,"column":9},"end":{"line":69,"column":3}}],"line":59},"19":{"loc":{"start":{"line":59,"column":13},"end":{"line":59,"column":64}},"type":"binary-expr","locations":[{"start":{"line":59,"column":13},"end":{"line":59,"column":36}},{"start":{"line":59,"column":40},"end":{"line":59,"column":64}}],"line":59},"20":{"loc":{"start":{"line":61,"column":9},"end":{"line":69,"column":3}},"type":"if","locations":[{"start":{"line":61,"column":9},"end":{"line":69,"column":3}},{"start":{"line":63,"column":9},"end":{"line":69,"column":3}}],"line":61},"21":{"loc":{"start":{"line":63,"column":9},"end":{"line":69,"column":3}},"type":"if","locations":[{"start":{"line":63,"column":9},"end":{"line":69,"column":3}},{"start":{"line":66,"column":9},"end":{"line":69,"column":3}}],"line":63},"22":{"loc":{"start":{"line":65,"column":9},"end":{"line":65,"column":68}},"type":"cond-expr","locations":[{"start":{"line":65,"column":26},"end":{"line":65,"column":56}},{"start":{"line":65,"column":59},"end":{"line":65,"column":68}}],"line":65},"23":{"loc":{"start":{"line":66,"column":9},"end":{"line":69,"column":3}},"type":"if","locations":[{"start":{"line":66,"column":9},"end":{"line":69,"column":3}},{"start":{},"end":{}}],"line":66},"24":{"loc":{"start":{"line":66,"column":13},"end":{"line":66,"column":57}},"type":"binary-expr","locations":[{"start":{"line":66,"column":13},"end":{"line":66,"column":34}},{"start":{"line":66,"column":38},"end":{"line":66,"column":57}}],"line":66},"25":{"loc":{"start":{"line":68,"column":9},"end":{"line":68,"column":71}},"type":"cond-expr","locations":[{"start":{"line":68,"column":22},"end":{"line":68,"column":63}},{"start":{"line":68,"column":66},"end":{"line":68,"column":71}}],"line":68},"26":{"loc":{"start":{"line":85,"column":4},"end":{"line":90,"column":13}},"type":"binary-expr","locations":[{"start":{"line":85,"column":4},"end":{"line":85,"column":57}},{"start":{"line":86,"column":4},"end":{"line":86,"column":28}},{"start":{"line":87,"column":4},"end":{"line":87,"column":33}},{"start":{"line":88,"column":4},"end":{"line":88,"column":29}},{"start":{"line":89,"column":4},"end":{"line":89,"column":10}},{"start":{"line":90,"column":4},"end":{"line":90,"column":13}}],"line":85}},"s":{"0":3,"1":0,"2":3,"3":3,"4":3,"5":0,"6":3,"7":0,"8":3,"9":3,"10":0,"11":3,"12":0,"13":3,"14":0,"15":3,"16":0,"17":3,"18":0,"19":3,"20":0,"21":3,"22":3,"23":0,"24":0,"25":0,"26":0,"27":0,"28":0,"29":0,"30":0,"31":0,"32":3,"33":0,"34":3,"35":0,"36":3,"37":0,"38":0,"39":3,"40":0,"41":0,"42":3,"43":3,"44":3},"f":{"0":3,"1":3},"b":{"0":[0,3],"1":[0,3],"2":[0,3],"3":[0,3],"4":[3,0],"5":[0,3],"6":[0,3],"7":[3,0],"8":[0,3],"9":[0,3],"10":[3,3],"11":[0,3],"12":[3,3],"13":[0,3],"14":[0,0],"15":[0,0],"16":[0,0],"17":[0,0],"18":[0,3],"19":[3,3],"20":[0,3],"21":[0,3],"22":[0,0],"23":[0,3],"24":[3,3],"25":[0,0],"26":[3,3,3,0,0,0]},"_coverageSchema":"1a1c01bbd47fc00a2c39e90264f33305004495a9","hash":"c49f5ab37aeacc6794f70e29739b05d2157eac06"}
}
