TN:
SF:middleware\auth.js
FN:4,(anonymous_0)
FN:55,(anonymous_1)
FN:56,(anonymous_2)
FNF:3
FNH:2
FNDA:15,(anonymous_0)
FNDA:24,(anonymous_1)
FNDA:0,(anonymous_2)
DA:1,3
DA:2,3
DA:4,3
DA:5,15
DA:6,15
DA:8,15
DA:9,1
DA:15,14
DA:18,14
DA:23,14
DA:24,0
DA:30,14
DA:37,14
DA:39,0
DA:40,0
DA:45,0
DA:46,0
DA:51,0
DA:55,3
DA:56,24
DA:57,0
DA:58,0
DA:64,0
DA:65,0
DA:71,0
DA:75,3
LF:26
LH:15
BRDA:8,0,0,1
BRDA:8,0,1,14
BRDA:23,1,0,0
BRDA:23,1,1,14
BRDA:23,2,0,14
BRDA:23,2,1,14
BRDA:39,3,0,0
BRDA:39,3,1,0
BRDA:45,4,0,0
BRDA:45,4,1,0
BRDA:57,5,0,0
BRDA:57,5,1,0
BRDA:64,6,0,0
BRDA:64,6,1,0
BRF:14
BRH:5
end_of_record
TN:
SF:middleware\shopIsolation.js
FN:5,(anonymous_0)
FNF:1
FNH:1
FNDA:14,(anonymous_0)
DA:1,3
DA:5,3
DA:6,14
DA:7,14
DA:8,0
DA:15,14
DA:17,0
DA:18,0
DA:19,0
DA:20,0
DA:24,14
DA:25,0
DA:32,14
DA:34,14
DA:35,0
DA:42,14
DA:43,14
DA:44,14
DA:46,0
DA:50,3
LF:20
LH:12
BRDA:7,0,0,0
BRDA:7,0,1,14
BRDA:15,1,0,0
BRDA:15,1,1,14
BRDA:17,2,0,0
BRDA:17,2,1,0
BRDA:17,2,2,0
BRDA:18,3,0,0
BRDA:18,3,1,0
BRDA:24,4,0,0
BRDA:24,4,1,14
BRDA:32,5,0,14
BRDA:32,5,1,14
BRDA:32,5,2,14
BRDA:34,6,0,0
BRDA:34,6,1,14
BRDA:34,7,0,14
BRDA:34,7,1,0
BRF:18
BRH:8
end_of_record
TN:
SF:routes\auth.js
FN:12,logLoginAttempt
FN:49,(anonymous_1)
FN:171,(anonymous_2)
FN:180,(anonymous_3)
FN:287,(anonymous_4)
FN:318,(anonymous_5)
FNF:6
FNH:3
FNDA:3,logLoginAttempt
FNDA:4,(anonymous_1)
FNDA:0,(anonymous_2)
FNDA:4,(anonymous_3)
FNDA:0,(anonymous_4)
FNDA:0,(anonymous_5)
DA:1,3
DA:2,3
DA:3,3
DA:4,3
DA:5,3
DA:6,3
DA:7,3
DA:9,3
DA:13,3
DA:14,3
DA:15,3
DA:16,3
DA:18,3
DA:37,1
DA:42,3
DA:50,4
DA:51,4
DA:52,4
DA:53,1
DA:60,3
DA:63,3
DA:71,3
DA:72,1
DA:78,2
DA:81,2
DA:82,0
DA:89,2
DA:90,1
DA:96,1
DA:103,1
DA:108,1
DA:109,0
DA:118,1
DA:123,1
DA:124,0
DA:130,1
DA:131,1
DA:133,1
DA:135,1
DA:136,1
DA:143,1
DA:148,1
DA:149,1
DA:151,1
DA:156,0
DA:157,0
DA:158,0
DA:161,0
DA:166,3
DA:173,0
DA:174,0
DA:176,0
DA:177,0
DA:181,4
DA:182,4
DA:183,4
DA:185,1
DA:186,1
DA:187,0
DA:190,1
DA:197,3
DA:201,3
DA:206,3
DA:210,3
DA:212,0
DA:213,0
DA:218,3
DA:220,3
DA:222,1
DA:224,1
DA:230,2
DA:232,2
DA:234,0
DA:236,0
DA:243,2
DA:244,2
DA:246,1
DA:248,1
DA:255,1
DA:262,1
DA:264,1
DA:282,0
DA:287,3
DA:288,0
DA:289,0
DA:298,0
DA:299,0
DA:305,0
DA:310,0
DA:315,3
DA:319,0
DA:320,0
DA:321,0
DA:322,0
DA:329,0
DA:332,0
DA:337,0
DA:338,0
DA:345,0
DA:346,0
DA:347,0
DA:354,0
DA:355,0
DA:360,0
DA:365,0
DA:369,3
LF:106
LH:68
BRDA:12,0,0,0
BRDA:15,1,0,3
BRDA:15,1,1,3
BRDA:23,2,0,3
BRDA:23,2,1,1
BRDA:24,3,0,3
BRDA:24,3,1,1
BRDA:25,4,0,3
BRDA:25,4,1,0
BRDA:52,5,0,1
BRDA:52,5,1,3
BRDA:71,6,0,1
BRDA:71,6,1,2
BRDA:81,7,0,0
BRDA:81,7,1,2
BRDA:89,8,0,1
BRDA:89,8,1,1
BRDA:108,9,0,0
BRDA:108,9,1,1
BRDA:123,10,0,0
BRDA:123,10,1,1
BRDA:139,11,0,1
BRDA:139,11,1,1
BRDA:173,12,0,0
BRDA:173,12,1,0
BRDA:173,13,0,0
BRDA:173,13,1,0
BRDA:173,13,2,0
BRDA:177,14,0,0
BRDA:177,14,1,0
BRDA:183,15,0,1
BRDA:183,15,1,3
BRDA:186,16,0,0
BRDA:186,16,1,1
BRDA:187,17,0,0
BRDA:187,17,1,0
BRDA:210,18,0,0
BRDA:210,18,1,3
BRDA:210,19,0,3
BRDA:210,19,1,3
BRDA:210,19,2,0
BRDA:220,20,0,1
BRDA:220,20,1,2
BRDA:222,21,0,1
BRDA:222,21,1,1
BRDA:232,22,0,0
BRDA:232,22,1,2
BRDA:244,23,0,1
BRDA:244,23,1,1
BRDA:258,24,0,1
BRDA:258,24,1,0
BRDA:276,25,0,1
BRDA:276,25,1,0
BRDA:277,26,0,1
BRDA:277,26,1,0
BRDA:298,27,0,0
BRDA:298,27,1,0
BRDA:321,28,0,0
BRDA:321,28,1,0
BRDA:337,29,0,0
BRDA:337,29,1,0
BRDA:346,30,0,0
BRDA:346,30,1,0
BRF:63
BRH:34
end_of_record
TN:
SF:routes\bills.js
FN:13,generateBillNumber
FN:34,(anonymous_1)
FN:124,(anonymous_2)
FN:168,(anonymous_3)
FN:343,(anonymous_4)
FNF:5
FNH:4
FNDA:3,generateBillNumber
FNDA:1,(anonymous_1)
FNDA:2,(anonymous_2)
FNDA:4,(anonymous_3)
FNDA:0,(anonymous_4)
DA:1,3
DA:2,3
DA:3,3
DA:4,3
DA:5,3
DA:7,3
DA:9,3
DA:10,3
DA:14,3
DA:15,3
DA:17,3
DA:24,3
DA:25,3
DA:26,2
DA:27,2
DA:30,3
DA:34,3
DA:35,1
DA:37,1
DA:38,0
DA:44,1
DA:45,1
DA:46,1
DA:47,1
DA:49,1
DA:57,1
DA:59,1
DA:60,0
DA:61,0
DA:64,1
DA:65,0
DA:66,0
DA:69,1
DA:70,0
DA:71,0
DA:74,1
DA:75,0
DA:76,0
DA:80,1
DA:82,1
DA:85,1
DA:86,1
DA:88,1
DA:89,0
DA:90,0
DA:92,1
DA:93,0
DA:94,0
DA:96,1
DA:97,0
DA:98,0
DA:100,1
DA:101,0
DA:102,0
DA:105,1
DA:106,1
DA:108,1
DA:119,0
DA:124,3
DA:125,2
DA:126,2
DA:134,2
DA:135,1
DA:141,1
DA:150,1
DA:158,0
DA:163,3
DA:169,4
DA:170,4
DA:171,4
DA:172,1
DA:184,3
DA:186,3
DA:187,3
DA:189,3
DA:191,3
DA:194,3
DA:195,3
DA:196,3
DA:198,3
DA:199,3
DA:206,3
DA:207,0
DA:210,3
DA:213,3
DA:214,1
DA:217,2
DA:218,2
DA:219,2
DA:220,2
DA:221,2
DA:222,2
DA:223,2
DA:224,2
DA:226,2
DA:227,2
DA:229,2
DA:244,2
DA:245,2
DA:246,2
DA:249,2
DA:264,2
DA:267,2
DA:268,2
DA:280,2
DA:285,2
DA:286,2
DA:288,2
DA:294,2
DA:307,2
DA:308,2
DA:311,2
DA:319,2
DA:324,2
DA:333,1
DA:334,1
DA:335,1
DA:338,1
DA:343,3
DA:344,0
DA:345,0
DA:346,0
DA:348,0
DA:349,0
DA:351,0
DA:353,0
DA:358,0
DA:359,0
DA:360,0
DA:361,0
DA:368,0
DA:374,0
DA:375,0
DA:380,0
DA:381,0
DA:383,0
DA:389,0
DA:403,0
DA:408,0
DA:409,0
DA:411,0
DA:416,0
DA:417,0
DA:418,0
DA:421,0
DA:425,3
LF:146
LH:100
BRDA:25,0,0,2
BRDA:25,0,1,1
BRDA:26,1,0,2
BRDA:26,1,1,0
BRDA:37,2,0,0
BRDA:37,2,1,1
BRDA:37,3,0,1
BRDA:37,3,1,0
BRDA:44,4,0,1
BRDA:44,5,0,1
BRDA:45,6,0,1
BRDA:45,6,1,0
BRDA:46,7,0,1
BRDA:46,7,1,0
BRDA:59,8,0,0
BRDA:59,8,1,1
BRDA:64,9,0,0
BRDA:64,9,1,1
BRDA:69,10,0,0
BRDA:69,10,1,1
BRDA:74,11,0,0
BRDA:74,11,1,1
BRDA:88,12,0,0
BRDA:88,12,1,1
BRDA:92,13,0,0
BRDA:92,13,1,1
BRDA:96,14,0,0
BRDA:96,14,1,1
BRDA:100,15,0,0
BRDA:100,15,1,1
BRDA:134,16,0,1
BRDA:134,16,1,1
BRDA:171,17,0,1
BRDA:171,17,1,3
BRDA:183,18,0,1
BRDA:206,19,0,0
BRDA:206,19,1,3
BRDA:213,20,0,1
BRDA:213,20,1,2
BRDA:219,21,0,2
BRDA:219,21,1,2
BRDA:221,22,0,2
BRDA:221,22,1,2
BRDA:223,23,0,1
BRDA:223,23,1,1
BRDA:244,24,0,2
BRDA:244,24,1,2
BRDA:244,25,0,2
BRDA:244,25,1,2
BRDA:256,26,0,2
BRDA:256,26,1,2
BRDA:256,27,0,2
BRDA:256,27,1,2
BRDA:256,28,0,2
BRDA:256,28,1,2
BRDA:257,29,0,2
BRDA:257,29,1,2
BRDA:259,30,0,0
BRDA:259,30,1,2
BRDA:260,31,0,2
BRDA:260,31,1,2
BRDA:358,32,0,0
BRDA:358,32,1,0
BRDA:397,33,0,0
BRDA:397,33,1,0
BRF:65
BRH:46
end_of_record
TN:
SF:routes\categories.js
FN:19,(anonymous_0)
FN:44,(anonymous_1)
FN:70,(anonymous_2)
FN:114,(anonymous_3)
FN:192,(anonymous_4)
FN:234,(anonymous_5)
FN:246,(anonymous_6)
FN:249,(anonymous_7)
FN:252,(anonymous_8)
FN:319,(anonymous_9)
FNF:10
FNH:0
FNDA:0,(anonymous_0)
FNDA:0,(anonymous_1)
FNDA:0,(anonymous_2)
FNDA:0,(anonymous_3)
FNDA:0,(anonymous_4)
FNDA:0,(anonymous_5)
FNDA:0,(anonymous_6)
FNDA:0,(anonymous_7)
FNDA:0,(anonymous_8)
FNDA:0,(anonymous_9)
DA:1,3
DA:2,3
DA:3,3
DA:4,3
DA:5,3
DA:6,3
DA:7,3
DA:8,3
DA:10,3
DA:13,3
DA:15,3
DA:16,3
DA:19,3
DA:20,0
DA:22,0
DA:23,0
DA:29,0
DA:34,0
DA:39,0
DA:44,3
DA:45,0
DA:46,0
DA:51,0
DA:52,0
DA:58,0
DA:63,0
DA:68,3
DA:71,0
DA:72,0
DA:73,0
DA:74,0
DA:81,0
DA:84,0
DA:89,0
DA:90,0
DA:96,0
DA:101,0
DA:107,0
DA:112,3
DA:115,0
DA:116,0
DA:117,0
DA:118,0
DA:125,0
DA:126,0
DA:129,0
DA:134,0
DA:135,0
DA:142,0
DA:143,0
DA:148,0
DA:149,0
DA:156,0
DA:157,0
DA:159,0
DA:160,0
DA:161,0
DA:163,0
DA:164,0
DA:165,0
DA:168,0
DA:169,0
DA:175,0
DA:177,0
DA:182,0
DA:187,0
DA:192,3
DA:193,0
DA:194,0
DA:197,0
DA:202,0
DA:203,0
DA:210,0
DA:215,0
DA:216,0
DA:222,0
DA:224,0
DA:229,0
DA:234,3
DA:235,0
DA:236,0
DA:237,0
DA:243,0
DA:244,0
DA:246,0
DA:247,0
DA:250,0
DA:253,0
DA:254,0
DA:255,0
DA:257,0
DA:258,0
DA:260,0
DA:261,0
DA:262,0
DA:263,0
DA:264,0
DA:266,0
DA:267,0
DA:268,0
DA:269,0
DA:273,0
DA:278,0
DA:279,0
DA:280,0
DA:281,0
DA:284,0
DA:289,0
DA:291,0
DA:292,0
DA:296,0
DA:297,0
DA:300,0
DA:302,0
DA:311,0
DA:313,0
DA:314,0
DA:316,0
DA:320,0
DA:321,0
DA:323,0
DA:327,0
DA:328,0
DA:330,0
DA:334,3
LF:125
LH:19
BRDA:22,0,0,0
BRDA:22,0,1,0
BRDA:22,1,0,0
BRDA:22,1,1,0
BRDA:51,2,0,0
BRDA:51,2,1,0
BRDA:73,3,0,0
BRDA:73,3,1,0
BRDA:89,4,0,0
BRDA:89,4,1,0
BRDA:98,5,0,0
BRDA:98,5,1,0
BRDA:117,6,0,0
BRDA:117,6,1,0
BRDA:134,7,0,0
BRDA:134,7,1,0
BRDA:142,8,0,0
BRDA:142,8,1,0
BRDA:148,9,0,0
BRDA:148,9,1,0
BRDA:159,10,0,0
BRDA:159,10,1,0
BRDA:163,11,0,0
BRDA:163,11,1,0
BRDA:165,12,0,0
BRDA:165,12,1,0
BRDA:168,13,0,0
BRDA:168,13,1,0
BRDA:202,14,0,0
BRDA:202,14,1,0
BRDA:215,15,0,0
BRDA:215,15,1,0
BRDA:236,16,0,0
BRDA:236,16,1,0
BRDA:263,17,0,0
BRDA:263,17,1,0
BRDA:263,17,2,0
BRDA:264,18,0,0
BRDA:264,18,1,0
BRDA:264,18,2,0
BRDA:266,19,0,0
BRDA:266,19,1,0
BRDA:278,20,0,0
BRDA:278,20,1,0
BRDA:286,21,0,0
BRDA:286,21,1,0
BRDA:313,22,0,0
BRDA:313,22,1,0
BRDA:313,23,0,0
BRDA:313,23,1,0
BRDA:320,24,0,0
BRDA:320,24,1,0
BRDA:320,25,0,0
BRDA:320,25,1,0
BRDA:327,26,0,0
BRDA:327,26,1,0
BRDA:327,27,0,0
BRDA:327,27,1,0
BRF:58
BRH:0
end_of_record
TN:
SF:routes\dashboard.js
FN:12,(anonymous_0)
FN:121,(anonymous_1)
FN:192,(anonymous_2)
FNF:3
FNH:0
FNDA:0,(anonymous_0)
FNDA:0,(anonymous_1)
FNDA:0,(anonymous_2)
DA:1,3
DA:2,3
DA:3,3
DA:4,3
DA:6,3
DA:8,3
DA:9,3
DA:12,3
DA:13,0
DA:15,0
DA:16,0
DA:22,0
DA:24,0
DA:25,0
DA:27,0
DA:30,0
DA:32,0
DA:33,0
DA:34,0
DA:36,0
DA:37,0
DA:38,0
DA:39,0
DA:40,0
DA:41,0
DA:42,0
DA:44,0
DA:45,0
DA:46,0
DA:48,0
DA:49,0
DA:50,0
DA:52,0
DA:53,0
DA:56,0
DA:57,0
DA:60,0
DA:77,0
DA:86,0
DA:94,0
DA:95,0
DA:96,0
DA:97,0
DA:98,0
DA:100,0
DA:116,0
DA:121,3
DA:122,0
DA:124,0
DA:125,0
DA:131,0
DA:133,0
DA:134,0
DA:135,0
DA:137,0
DA:140,0
DA:142,0
DA:143,0
DA:144,0
DA:145,0
DA:146,0
DA:147,0
DA:148,0
DA:150,0
DA:151,0
DA:152,0
DA:153,0
DA:155,0
DA:156,0
DA:157,0
DA:158,0
DA:160,0
DA:161,0
DA:164,0
DA:165,0
DA:167,0
DA:182,0
DA:187,0
DA:192,3
DA:193,0
DA:195,0
DA:196,0
DA:202,0
DA:204,0
DA:205,0
DA:207,0
DA:210,0
DA:212,0
DA:213,0
DA:214,0
DA:215,0
DA:216,0
DA:217,0
DA:218,0
DA:220,0
DA:221,0
DA:222,0
DA:224,0
DA:225,0
DA:226,0
DA:228,0
DA:229,0
DA:232,0
DA:233,0
DA:235,0
DA:250,0
DA:255,0
DA:259,3
LF:108
LH:11
BRDA:15,0,0,0
BRDA:15,0,1,0
BRDA:15,1,0,0
BRDA:15,1,1,0
BRDA:22,2,0,0
BRDA:30,3,0,0
BRDA:30,3,1,0
BRDA:30,3,2,0
BRDA:30,3,3,0
BRDA:30,3,4,0
BRDA:94,4,0,0
BRDA:94,4,1,0
BRDA:95,5,0,0
BRDA:95,5,1,0
BRDA:96,6,0,0
BRDA:96,6,1,0
BRDA:97,7,0,0
BRDA:97,7,1,0
BRDA:98,8,0,0
BRDA:98,8,1,0
BRDA:107,9,0,0
BRDA:107,9,1,0
BRDA:108,10,0,0
BRDA:108,10,1,0
BRDA:109,11,0,0
BRDA:109,11,1,0
BRDA:110,12,0,0
BRDA:110,12,1,0
BRDA:111,13,0,0
BRDA:111,13,1,0
BRDA:112,14,0,0
BRDA:112,14,1,0
BRDA:124,15,0,0
BRDA:124,15,1,0
BRDA:124,16,0,0
BRDA:124,16,1,0
BRDA:131,17,0,0
BRDA:131,18,0,0
BRDA:140,19,0,0
BRDA:140,19,1,0
BRDA:140,19,2,0
BRDA:140,19,3,0
BRDA:152,20,0,0
BRDA:152,20,1,0
BRDA:195,21,0,0
BRDA:195,21,1,0
BRDA:195,22,0,0
BRDA:195,22,1,0
BRDA:202,23,0,0
BRDA:210,24,0,0
BRDA:210,24,1,0
BRDA:210,24,2,0
BRDA:210,24,3,0
BRF:53
BRH:0
end_of_record
TN:
SF:routes\holdBills.js
FN:13,(anonymous_0)
FN:36,(anonymous_1)
FN:67,(anonymous_2)
FN:109,(anonymous_3)
FNF:4
FNH:0
FNDA:0,(anonymous_0)
FNDA:0,(anonymous_1)
FNDA:0,(anonymous_2)
FNDA:0,(anonymous_3)
DA:1,3
DA:2,3
DA:3,3
DA:4,3
DA:5,3
DA:7,3
DA:9,3
DA:10,3
DA:13,3
DA:14,0
DA:15,0
DA:24,0
DA:29,0
DA:34,3
DA:37,0
DA:38,0
DA:39,0
DA:40,0
DA:47,0
DA:49,0
DA:54,0
DA:60,0
DA:65,3
DA:68,0
DA:69,0
DA:70,0
DA:71,0
DA:78,0
DA:79,0
DA:82,0
DA:87,0
DA:88,0
DA:94,0
DA:99,0
DA:104,0
DA:109,3
DA:110,0
DA:111,0
DA:114,0
DA:119,0
DA:120,0
DA:126,0
DA:128,0
DA:133,0
DA:137,3
LF:45
LH:13
BRDA:39,0,0,0
BRDA:39,0,1,0
BRDA:70,1,0,0
BRDA:70,1,1,0
BRDA:87,2,0,0
BRDA:87,2,1,0
BRDA:119,3,0,0
BRDA:119,3,1,0
BRF:8
BRH:0
end_of_record
TN:
SF:routes\inventory.js
FN:13,(anonymous_0)
FN:104,(anonymous_1)
FN:139,(anonymous_2)
FN:229,(anonymous_3)
FNF:4
FNH:0
FNDA:0,(anonymous_0)
FNDA:0,(anonymous_1)
FNDA:0,(anonymous_2)
FNDA:0,(anonymous_3)
DA:1,3
DA:2,3
DA:3,3
DA:4,3
DA:5,3
DA:7,3
DA:9,3
DA:10,3
DA:13,3
DA:14,0
DA:16,0
DA:17,0
DA:23,0
DA:24,0
DA:25,0
DA:26,0
DA:28,0
DA:37,0
DA:39,0
DA:40,0
DA:41,0
DA:44,0
DA:45,0
DA:46,0
DA:49,0
DA:50,0
DA:51,0
DA:54,0
DA:55,0
DA:56,0
DA:60,0
DA:62,0
DA:65,0
DA:66,0
DA:68,0
DA:69,0
DA:70,0
DA:72,0
DA:73,0
DA:74,0
DA:76,0
DA:77,0
DA:78,0
DA:80,0
DA:81,0
DA:82,0
DA:85,0
DA:86,0
DA:88,0
DA:99,0
DA:104,3
DA:105,0
DA:107,0
DA:108,0
DA:114,0
DA:125,0
DA:130,0
DA:135,3
DA:140,0
DA:141,0
DA:142,0
DA:143,0
DA:150,0
DA:152,0
DA:153,0
DA:155,0
DA:157,0
DA:162,0
DA:163,0
DA:164,0
DA:165,0
DA:171,0
DA:172,0
DA:174,0
DA:175,0
DA:176,0
DA:177,0
DA:184,0
DA:190,0
DA:201,0
DA:202,0
DA:204,0
DA:215,0
DA:216,0
DA:217,0
DA:220,0
DA:225,3
DA:230,0
DA:231,0
DA:232,0
DA:233,0
DA:240,0
DA:242,0
DA:243,0
DA:245,0
DA:246,0
DA:247,0
DA:249,0
DA:250,0
DA:252,0
DA:254,0
DA:259,0
DA:260,0
DA:261,0
DA:264,0
DA:265,0
DA:267,0
DA:268,0
DA:269,0
DA:273,0
DA:279,0
DA:290,0
DA:292,0
DA:296,0
DA:297,0
DA:299,0
DA:308,0
DA:309,0
DA:310,0
DA:313,0
DA:317,3
LF:121
LH:13
BRDA:16,0,0,0
BRDA:16,0,1,0
BRDA:16,1,0,0
BRDA:16,1,1,0
BRDA:23,2,0,0
BRDA:23,3,0,0
BRDA:24,4,0,0
BRDA:24,4,1,0
BRDA:25,5,0,0
BRDA:25,5,1,0
BRDA:39,6,0,0
BRDA:39,6,1,0
BRDA:44,7,0,0
BRDA:44,7,1,0
BRDA:49,8,0,0
BRDA:49,8,1,0
BRDA:54,9,0,0
BRDA:54,9,1,0
BRDA:68,10,0,0
BRDA:68,10,1,0
BRDA:72,11,0,0
BRDA:72,11,1,0
BRDA:76,12,0,0
BRDA:76,12,1,0
BRDA:80,13,0,0
BRDA:80,13,1,0
BRDA:107,14,0,0
BRDA:107,14,1,0
BRDA:107,15,0,0
BRDA:107,15,1,0
BRDA:142,16,0,0
BRDA:142,16,1,0
BRDA:162,17,0,0
BRDA:162,17,1,0
BRDA:174,18,0,0
BRDA:174,18,1,0
BRDA:197,19,0,0
BRDA:197,19,1,0
BRDA:232,20,0,0
BRDA:232,20,1,0
BRDA:259,21,0,0
BRDA:259,21,1,0
BRDA:267,22,0,0
BRDA:267,22,1,0
BRDA:286,23,0,0
BRDA:286,23,1,0
BRF:46
BRH:0
end_of_record
TN:
SF:routes\loginHistory.js
FN:8,(anonymous_0)
FN:94,(anonymous_1)
FNF:2
FNH:0
FNDA:0,(anonymous_0)
FNDA:0,(anonymous_1)
DA:1,3
DA:2,3
DA:3,3
DA:5,3
DA:8,3
DA:9,0
DA:10,0
DA:11,0
DA:13,0
DA:34,0
DA:37,0
DA:38,0
DA:39,0
DA:40,0
DA:42,0
DA:43,0
DA:44,0
DA:48,0
DA:49,0
DA:52,0
DA:53,0
DA:55,0
DA:58,0
DA:59,0
DA:61,0
DA:62,0
DA:63,0
DA:64,0
DA:66,0
DA:67,0
DA:68,0
DA:71,0
DA:72,0
DA:75,0
DA:76,0
DA:78,0
DA:89,0
DA:94,3
DA:95,0
DA:96,0
DA:97,0
DA:98,0
DA:101,0
DA:108,0
DA:119,0
DA:132,0
DA:145,0
DA:158,0
DA:169,0
DA:173,3
LF:50
LH:7
BRDA:10,0,0,0
BRDA:10,1,0,0
BRDA:37,2,0,0
BRDA:37,2,1,0
BRDA:38,3,0,0
BRDA:38,3,1,0
BRDA:42,4,0,0
BRDA:42,4,1,0
BRDA:61,5,0,0
BRDA:61,5,1,0
BRDA:62,6,0,0
BRDA:62,6,1,0
BRDA:66,7,0,0
BRDA:66,7,1,0
BRDA:96,8,0,0
BRF:15
BRH:0
end_of_record
TN:
SF:routes\products.js
FN:21,(anonymous_0)
FN:105,(anonymous_1)
FN:144,(anonymous_2)
FN:226,(anonymous_3)
FN:326,(anonymous_4)
FN:368,(anonymous_5)
FN:369,(anonymous_6)
FN:373,(anonymous_7)
FN:376,(anonymous_8)
FN:379,(anonymous_9)
FN:386,(anonymous_10)
FN:399,(anonymous_11)
FN:406,(anonymous_12)
FN:410,(anonymous_13)
FN:419,(anonymous_14)
FN:428,(anonymous_15)
FN:478,(anonymous_16)
FNF:17
FNH:3
FNDA:2,(anonymous_0)
FNDA:2,(anonymous_1)
FNDA:3,(anonymous_2)
FNDA:0,(anonymous_3)
FNDA:0,(anonymous_4)
FNDA:0,(anonymous_5)
FNDA:0,(anonymous_6)
FNDA:0,(anonymous_7)
FNDA:0,(anonymous_8)
FNDA:0,(anonymous_9)
FNDA:0,(anonymous_10)
FNDA:0,(anonymous_11)
FNDA:0,(anonymous_12)
FNDA:0,(anonymous_13)
FNDA:0,(anonymous_14)
FNDA:0,(anonymous_15)
FNDA:0,(anonymous_16)
DA:1,3
DA:2,3
DA:3,3
DA:4,3
DA:5,3
DA:6,3
DA:7,3
DA:8,3
DA:9,3
DA:10,3
DA:12,3
DA:14,3
DA:15,3
DA:18,3
DA:21,3
DA:22,2
DA:23,2
DA:24,2
DA:25,2
DA:26,2
DA:29,2
DA:30,0
DA:36,2
DA:45,2
DA:47,2
DA:48,1
DA:49,1
DA:50,1
DA:53,2
DA:54,0
DA:55,0
DA:58,2
DA:59,0
DA:63,2
DA:65,2
DA:68,2
DA:69,2
DA:71,2
DA:72,1
DA:73,1
DA:74,1
DA:77,2
DA:78,0
DA:79,0
DA:82,2
DA:83,0
DA:86,2
DA:87,2
DA:89,2
DA:100,0
DA:105,3
DA:106,2
DA:107,2
DA:118,2
DA:119,1
DA:125,1
DA:130,0
DA:135,3
DA:145,3
DA:146,3
DA:147,3
DA:148,1
DA:158,2
DA:161,2
DA:166,2
DA:167,1
DA:174,1
DA:175,0
DA:180,0
DA:181,0
DA:188,1
DA:201,1
DA:202,1
DA:210,1
DA:216,0
DA:221,3
DA:227,0
DA:228,0
DA:229,0
DA:230,0
DA:237,0
DA:241,0
DA:244,0
DA:249,0
DA:250,0
DA:257,0
DA:258,0
DA:263,0
DA:264,0
DA:272,0
DA:273,0
DA:278,0
DA:279,0
DA:286,0
DA:287,0
DA:289,0
DA:290,0
DA:291,0
DA:292,0
DA:293,0
DA:294,0
DA:295,0
DA:296,0
DA:297,0
DA:298,0
DA:299,0
DA:300,0
DA:302,0
DA:303,0
DA:309,0
DA:311,0
DA:316,0
DA:321,0
DA:326,3
DA:327,0
DA:328,0
DA:331,0
DA:336,0
DA:337,0
DA:344,0
DA:349,0
DA:350,0
DA:356,0
DA:358,0
DA:363,0
DA:368,3
DA:369,0
DA:370,0
DA:371,0
DA:374,0
DA:377,0
DA:380,0
DA:386,3
DA:387,0
DA:388,0
DA:389,0
DA:391,0
DA:392,0
DA:395,0
DA:396,0
DA:399,0
DA:400,0
DA:401,0
DA:406,0
DA:407,0
DA:409,0
DA:410,0
DA:411,0
DA:412,0
DA:413,0
DA:414,0
DA:419,0
DA:420,0
DA:424,0
DA:428,3
DA:429,0
DA:430,0
DA:431,0
DA:437,0
DA:438,0
DA:439,0
DA:441,0
DA:443,0
DA:444,0
DA:447,0
DA:450,0
DA:451,0
DA:457,0
DA:458,0
DA:459,0
DA:466,0
DA:467,0
DA:468,0
DA:470,0
DA:471,0
DA:473,0
DA:474,0
DA:475,0
DA:477,0
DA:478,0
DA:479,0
DA:480,0
DA:481,0
DA:485,0
DA:486,0
DA:487,0
DA:488,0
DA:489,0
DA:490,0
DA:491,0
DA:492,0
DA:493,0
DA:494,0
DA:495,0
DA:498,0
DA:499,0
DA:500,0
DA:501,0
DA:502,0
DA:504,0
DA:505,0
DA:506,0
DA:507,0
DA:511,0
DA:512,0
DA:513,0
DA:517,0
DA:518,0
DA:523,0
DA:528,0
DA:529,0
DA:530,0
DA:531,0
DA:534,0
DA:555,0
DA:556,0
DA:565,0
DA:567,0
DA:568,0
DA:572,0
DA:573,0
DA:576,0
DA:578,0
DA:588,0
DA:589,0
DA:591,0
DA:594,0
DA:595,0
DA:599,3
LF:229
LH:68
BRDA:23,0,0,2
BRDA:23,1,0,2
BRDA:24,2,0,2
BRDA:24,2,1,0
BRDA:25,3,0,2
BRDA:25,3,1,0
BRDA:29,4,0,0
BRDA:29,4,1,2
BRDA:29,5,0,2
BRDA:29,5,1,0
BRDA:47,6,0,1
BRDA:47,6,1,1
BRDA:53,7,0,0
BRDA:53,7,1,2
BRDA:58,8,0,0
BRDA:58,8,1,2
BRDA:71,9,0,1
BRDA:71,9,1,1
BRDA:77,10,0,0
BRDA:77,10,1,2
BRDA:82,11,0,0
BRDA:82,11,1,2
BRDA:118,12,0,1
BRDA:118,12,1,1
BRDA:147,13,0,1
BRDA:147,13,1,2
BRDA:166,14,0,1
BRDA:166,14,1,1
BRDA:174,15,0,0
BRDA:174,15,1,1
BRDA:180,16,0,0
BRDA:180,16,1,0
BRDA:194,17,0,1
BRDA:194,17,1,1
BRDA:194,18,0,1
BRDA:194,18,1,1
BRDA:195,19,0,1
BRDA:195,19,1,0
BRDA:195,20,0,1
BRDA:195,20,1,0
BRDA:196,21,0,1
BRDA:196,21,1,0
BRDA:196,22,0,1
BRDA:196,22,1,1
BRDA:196,23,0,1
BRDA:196,23,1,1
BRDA:196,24,0,1
BRDA:196,24,1,1
BRDA:201,25,0,1
BRDA:201,25,1,0
BRDA:229,26,0,0
BRDA:229,26,1,0
BRDA:249,27,0,0
BRDA:249,27,1,0
BRDA:257,28,0,0
BRDA:257,28,1,0
BRDA:263,29,0,0
BRDA:263,29,1,0
BRDA:272,30,0,0
BRDA:272,30,1,0
BRDA:278,31,0,0
BRDA:278,31,1,0
BRDA:289,32,0,0
BRDA:289,32,1,0
BRDA:290,33,0,0
BRDA:290,33,1,0
BRDA:291,34,0,0
BRDA:291,34,1,0
BRDA:291,35,0,0
BRDA:291,35,1,0
BRDA:292,36,0,0
BRDA:292,36,1,0
BRDA:292,37,0,0
BRDA:292,37,1,0
BRDA:293,38,0,0
BRDA:293,38,1,0
BRDA:294,39,0,0
BRDA:294,39,1,0
BRDA:295,40,0,0
BRDA:295,40,1,0
BRDA:296,41,0,0
BRDA:296,41,1,0
BRDA:297,42,0,0
BRDA:297,42,1,0
BRDA:298,43,0,0
BRDA:298,43,1,0
BRDA:298,44,0,0
BRDA:298,44,1,0
BRDA:299,45,0,0
BRDA:299,45,1,0
BRDA:299,46,0,0
BRDA:299,46,1,0
BRDA:300,47,0,0
BRDA:300,47,1,0
BRDA:302,48,0,0
BRDA:302,48,1,0
BRDA:336,49,0,0
BRDA:336,49,1,0
BRDA:349,50,0,0
BRDA:349,50,1,0
BRDA:389,51,0,0
BRDA:389,51,1,0
BRDA:391,52,0,0
BRDA:391,52,1,0
BRDA:400,53,0,0
BRDA:400,53,1,0
BRDA:407,54,0,0
BRDA:407,54,1,0
BRDA:412,55,0,0
BRDA:412,55,1,0
BRDA:414,56,0,0
BRDA:414,56,1,0
BRDA:414,57,0,0
BRDA:414,57,1,0
BRDA:419,58,0,0
BRDA:419,58,1,0
BRDA:419,59,0,0
BRDA:419,59,1,0
BRDA:430,60,0,0
BRDA:430,60,1,0
BRDA:443,61,0,0
BRDA:443,61,1,0
BRDA:443,62,0,0
BRDA:443,62,1,0
BRDA:457,63,0,0
BRDA:457,63,1,0
BRDA:481,64,0,0
BRDA:481,64,1,0
BRDA:485,65,0,0
BRDA:485,65,1,0
BRDA:485,65,2,0
BRDA:486,66,0,0
BRDA:486,66,1,0
BRDA:487,67,0,0
BRDA:487,67,1,0
BRDA:488,68,0,0
BRDA:488,68,1,0
BRDA:488,68,2,0
BRDA:489,69,0,0
BRDA:489,69,1,0
BRDA:490,70,0,0
BRDA:490,70,1,0
BRDA:490,70,2,0
BRDA:491,71,0,0
BRDA:491,71,1,0
BRDA:491,71,2,0
BRDA:491,71,3,0
BRDA:492,72,0,0
BRDA:492,72,1,0
BRDA:492,72,2,0
BRDA:492,72,3,0
BRDA:493,73,0,0
BRDA:493,73,1,0
BRDA:493,73,2,0
BRDA:493,73,3,0
BRDA:494,74,0,0
BRDA:494,74,1,0
BRDA:494,74,2,0
BRDA:494,74,3,0
BRDA:495,75,0,0
BRDA:495,75,1,0
BRDA:499,76,0,0
BRDA:499,76,1,0
BRDA:499,77,0,0
BRDA:499,77,1,0
BRDA:500,78,0,0
BRDA:500,78,1,0
BRDA:500,79,0,0
BRDA:500,79,1,0
BRDA:501,80,0,0
BRDA:501,80,1,0
BRDA:501,81,0,0
BRDA:501,81,1,0
BRDA:501,81,2,0
BRDA:502,82,0,0
BRDA:502,82,1,0
BRDA:502,83,0,0
BRDA:502,83,1,0
BRDA:502,83,2,0
BRDA:504,84,0,0
BRDA:504,84,1,0
BRDA:512,85,0,0
BRDA:512,85,1,0
BRDA:517,86,0,0
BRDA:517,86,1,0
BRDA:528,87,0,0
BRDA:528,87,1,0
BRDA:544,88,0,0
BRDA:544,88,1,0
BRDA:548,89,0,0
BRDA:548,89,1,0
BRDA:549,90,0,0
BRDA:549,90,1,0
BRDA:550,91,0,0
BRDA:550,91,1,0
BRDA:551,92,0,0
BRDA:551,92,1,0
BRDA:555,93,0,0
BRDA:555,93,1,0
BRDA:588,94,0,0
BRDA:588,94,1,0
BRDA:588,95,0,0
BRDA:588,95,1,0
BRDA:594,96,0,0
BRDA:594,96,1,0
BRF:205
BRH:35
end_of_record
TN:
SF:routes\registrationTokens.js
FN:11,(anonymous_0)
FN:16,(anonymous_1)
FN:73,(anonymous_2)
FN:127,(anonymous_3)
FN:209,(anonymous_4)
FNF:5
FNH:0
FNDA:0,(anonymous_0)
FNDA:0,(anonymous_1)
FNDA:0,(anonymous_2)
FNDA:0,(anonymous_3)
FNDA:0,(anonymous_4)
DA:1,3
DA:2,3
DA:3,3
DA:4,3
DA:5,3
DA:6,3
DA:8,3
DA:11,3
DA:12,0
DA:16,3
DA:17,0
DA:18,0
DA:20,0
DA:28,0
DA:29,0
DA:35,0
DA:38,0
DA:39,0
DA:46,0
DA:47,0
DA:53,0
DA:63,0
DA:68,3
DA:74,0
DA:75,0
DA:76,0
DA:77,0
DA:84,0
DA:87,0
DA:88,0
DA:89,0
DA:96,0
DA:97,0
DA:98,0
DA:101,0
DA:107,0
DA:117,0
DA:122,3
DA:128,0
DA:129,0
DA:130,0
DA:131,0
DA:138,0
DA:139,0
DA:145,0
DA:148,0
DA:149,0
DA:150,0
DA:156,0
DA:159,0
DA:160,0
DA:161,0
DA:164,0
DA:171,0
DA:172,0
DA:174,0
DA:175,0
DA:177,0
DA:188,0
DA:201,0
DA:206,3
DA:210,0
DA:211,0
DA:213,0
DA:221,0
DA:226,0
DA:230,3
LF:67
LH:13
BRDA:28,0,0,0
BRDA:28,0,1,0
BRDA:38,1,0,0
BRDA:38,1,1,0
BRDA:46,2,0,0
BRDA:46,2,1,0
BRDA:76,3,0,0
BRDA:76,3,1,0
BRDA:88,4,0,0
BRDA:88,4,1,0
BRDA:113,5,0,0
BRDA:113,5,1,0
BRDA:130,6,0,0
BRDA:130,6,1,0
BRDA:138,7,0,0
BRDA:138,7,1,0
BRDA:149,8,0,0
BRDA:149,8,1,0
BRDA:171,9,0,0
BRDA:171,9,1,0
BRF:20
BRH:0
end_of_record
TN:
SF:routes\reports.js
FN:12,(anonymous_0)
FN:64,(anonymous_1)
FN:109,(anonymous_2)
FN:157,(anonymous_3)
FN:205,(anonymous_4)
FN:247,(anonymous_5)
FNF:6
FNH:0
FNDA:0,(anonymous_0)
FNDA:0,(anonymous_1)
FNDA:0,(anonymous_2)
FNDA:0,(anonymous_3)
FNDA:0,(anonymous_4)
FNDA:0,(anonymous_5)
DA:1,3
DA:2,3
DA:3,3
DA:4,3
DA:6,3
DA:8,3
DA:9,3
DA:12,3
DA:13,0
DA:15,0
DA:16,0
DA:22,0
DA:24,0
DA:25,0
DA:31,0
DA:32,0
DA:33,0
DA:34,0
DA:35,0
DA:38,0
DA:54,0
DA:59,0
DA:64,3
DA:65,0
DA:67,0
DA:68,0
DA:74,0
DA:76,0
DA:77,0
DA:83,0
DA:99,0
DA:104,0
DA:109,3
DA:110,0
DA:112,0
DA:113,0
DA:119,0
DA:121,0
DA:122,0
DA:128,0
DA:147,0
DA:152,0
DA:157,3
DA:158,0
DA:160,0
DA:161,0
DA:167,0
DA:169,0
DA:170,0
DA:176,0
DA:195,0
DA:200,0
DA:205,3
DA:206,0
DA:208,0
DA:209,0
DA:215,0
DA:217,0
DA:218,0
DA:224,0
DA:237,0
DA:242,0
DA:247,3
DA:248,0
DA:250,0
DA:251,0
DA:257,0
DA:259,0
DA:260,0
DA:267,0
DA:268,0
DA:285,0
DA:290,0
DA:294,3
LF:74
LH:14
BRDA:15,0,0,0
BRDA:15,0,1,0
BRDA:15,1,0,0
BRDA:15,1,1,0
BRDA:22,2,0,0
BRDA:24,3,0,0
BRDA:24,3,1,0
BRDA:24,4,0,0
BRDA:24,4,1,0
BRDA:32,5,0,0
BRDA:32,5,1,0
BRDA:34,6,0,0
BRDA:34,6,1,0
BRDA:67,7,0,0
BRDA:67,7,1,0
BRDA:67,8,0,0
BRDA:67,8,1,0
BRDA:76,9,0,0
BRDA:76,9,1,0
BRDA:76,10,0,0
BRDA:76,10,1,0
BRDA:112,11,0,0
BRDA:112,11,1,0
BRDA:112,12,0,0
BRDA:112,12,1,0
BRDA:121,13,0,0
BRDA:121,13,1,0
BRDA:121,14,0,0
BRDA:121,14,1,0
BRDA:160,15,0,0
BRDA:160,15,1,0
BRDA:160,16,0,0
BRDA:160,16,1,0
BRDA:169,17,0,0
BRDA:169,17,1,0
BRDA:169,18,0,0
BRDA:169,18,1,0
BRDA:208,19,0,0
BRDA:208,19,1,0
BRDA:208,20,0,0
BRDA:208,20,1,0
BRDA:217,21,0,0
BRDA:217,21,1,0
BRDA:217,22,0,0
BRDA:217,22,1,0
BRDA:250,23,0,0
BRDA:250,23,1,0
BRDA:250,24,0,0
BRDA:250,24,1,0
BRDA:257,25,0,0
BRDA:259,26,0,0
BRDA:259,26,1,0
BRDA:259,27,0,0
BRDA:259,27,1,0
BRDA:267,28,0,0
BRDA:267,28,1,0
BRF:56
BRH:0
end_of_record
TN:
SF:routes\shops.js
FN:14,(anonymous_0)
FN:46,(anonymous_1)
FN:119,(anonymous_2)
FN:146,(anonymous_3)
FN:195,(anonymous_4)
FNF:5
FNH:0
FNDA:0,(anonymous_0)
FNDA:0,(anonymous_1)
FNDA:0,(anonymous_2)
FNDA:0,(anonymous_3)
FNDA:0,(anonymous_4)
DA:1,3
DA:2,3
DA:3,3
DA:4,3
DA:5,3
DA:7,3
DA:10,3
DA:11,3
DA:14,3
DA:15,0
DA:16,0
DA:21,0
DA:22,0
DA:28,0
DA:33,0
DA:38,3
DA:47,0
DA:48,0
DA:49,0
DA:50,0
DA:57,0
DA:59,0
DA:60,0
DA:62,0
DA:63,0
DA:64,0
DA:66,0
DA:67,0
DA:68,0
DA:70,0
DA:71,0
DA:72,0
DA:74,0
DA:75,0
DA:76,0
DA:78,0
DA:79,0
DA:80,0
DA:82,0
DA:83,0
DA:84,0
DA:86,0
DA:87,0
DA:88,0
DA:90,0
DA:91,0
DA:92,0
DA:95,0
DA:96,0
DA:102,0
DA:104,0
DA:109,0
DA:114,0
DA:119,3
DA:120,0
DA:121,0
DA:129,0
DA:134,0
DA:139,3
DA:147,0
DA:148,0
DA:149,0
DA:150,0
DA:157,0
DA:160,0
DA:165,0
DA:166,0
DA:172,0
DA:173,0
DA:175,0
DA:181,0
DA:187,0
DA:192,3
DA:196,0
DA:197,0
DA:198,0
DA:199,0
DA:206,0
DA:207,0
DA:210,0
DA:215,0
DA:216,0
DA:222,0
DA:223,0
DA:225,0
DA:226,0
DA:227,0
DA:229,0
DA:230,0
DA:231,0
DA:233,0
DA:234,0
DA:235,0
DA:237,0
DA:238,0
DA:239,0
DA:242,0
DA:243,0
DA:249,0
DA:251,0
DA:256,0
DA:261,0
DA:265,3
LF:103
LH:14
BRDA:21,0,0,0
BRDA:21,0,1,0
BRDA:49,1,0,0
BRDA:49,1,1,0
BRDA:62,2,0,0
BRDA:62,2,1,0
BRDA:66,3,0,0
BRDA:66,3,1,0
BRDA:70,4,0,0
BRDA:70,4,1,0
BRDA:74,5,0,0
BRDA:74,5,1,0
BRDA:76,6,0,0
BRDA:76,6,1,0
BRDA:78,7,0,0
BRDA:78,7,1,0
BRDA:80,8,0,0
BRDA:80,8,1,0
BRDA:82,9,0,0
BRDA:82,9,1,0
BRDA:84,10,0,0
BRDA:84,10,1,0
BRDA:86,11,0,0
BRDA:86,11,1,0
BRDA:90,12,0,0
BRDA:90,12,1,0
BRDA:95,13,0,0
BRDA:95,13,1,0
BRDA:149,14,0,0
BRDA:149,14,1,0
BRDA:165,15,0,0
BRDA:165,15,1,0
BRDA:178,16,0,0
BRDA:178,16,1,0
BRDA:178,17,0,0
BRDA:178,17,1,0
BRDA:198,18,0,0
BRDA:198,18,1,0
BRDA:215,19,0,0
BRDA:215,19,1,0
BRDA:225,20,0,0
BRDA:225,20,1,0
BRDA:229,21,0,0
BRDA:229,21,1,0
BRDA:231,22,0,0
BRDA:231,22,1,0
BRDA:233,23,0,0
BRDA:233,23,1,0
BRDA:235,24,0,0
BRDA:235,24,1,0
BRDA:237,25,0,0
BRDA:237,25,1,0
BRDA:242,26,0,0
BRDA:242,26,1,0
BRF:54
BRH:0
end_of_record
TN:
SF:routes\superadmin.js
FN:14,(anonymous_0)
FN:28,(anonymous_1)
FN:53,(anonymous_2)
FN:95,(anonymous_3)
FN:168,(anonymous_4)
FN:202,(anonymous_5)
FN:254,(anonymous_6)
FN:325,(anonymous_7)
FN:351,(anonymous_8)
FN:378,(anonymous_9)
FN:448,(anonymous_10)
FN:479,(anonymous_11)
FN:480,(anonymous_12)
FN:481,(anonymous_13)
FN:497,(anonymous_14)
FNF:15
FNH:0
FNDA:0,(anonymous_0)
FNDA:0,(anonymous_1)
FNDA:0,(anonymous_2)
FNDA:0,(anonymous_3)
FNDA:0,(anonymous_4)
FNDA:0,(anonymous_5)
FNDA:0,(anonymous_6)
FNDA:0,(anonymous_7)
FNDA:0,(anonymous_8)
FNDA:0,(anonymous_9)
FNDA:0,(anonymous_10)
FNDA:0,(anonymous_11)
FNDA:0,(anonymous_12)
FNDA:0,(anonymous_13)
FNDA:0,(anonymous_14)
DA:1,3
DA:2,3
DA:3,3
DA:4,3
DA:5,3
DA:6,3
DA:8,3
DA:11,3
DA:14,3
DA:15,0
DA:16,0
DA:21,0
DA:25,3
DA:28,3
DA:29,0
DA:30,0
DA:43,0
DA:48,0
DA:53,3
DA:54,0
DA:55,0
DA:57,0
DA:72,0
DA:73,0
DA:79,0
DA:84,0
DA:89,3
DA:96,0
DA:97,0
DA:98,0
DA:99,0
DA:106,0
DA:108,0
DA:109,0
DA:111,0
DA:113,0
DA:118,0
DA:119,0
DA:120,0
DA:127,0
DA:133,0
DA:136,0
DA:141,0
DA:142,0
DA:143,0
DA:150,0
DA:151,0
DA:157,0
DA:158,0
DA:161,0
DA:162,0
DA:163,0
DA:164,0
DA:165,0
DA:167,0
DA:168,0
DA:169,0
DA:170,0
DA:171,0
DA:173,0
DA:179,0
DA:180,0
DA:182,0
DA:183,0
DA:184,0
DA:191,0
DA:202,0
DA:203,0
DA:204,0
DA:205,0
DA:207,0
DA:213,0
DA:214,0
DA:216,0
DA:227,0
DA:231,0
DA:240,0
DA:241,0
DA:242,0
DA:245,0
DA:250,3
DA:255,0
DA:256,0
DA:257,0
DA:258,0
DA:265,0
DA:266,0
DA:269,0
DA:270,0
DA:271,0
DA:278,0
DA:279,0
DA:283,0
DA:284,0
DA:292,0
DA:293,0
DA:295,0
DA:296,0
DA:297,0
DA:298,0
DA:299,0
DA:300,0
DA:302,0
DA:303,0
DA:309,0
DA:310,0
DA:315,0
DA:320,0
DA:325,3
DA:326,0
DA:327,0
DA:330,0
DA:331,0
DA:332,0
DA:341,0
DA:346,0
DA:351,3
DA:352,0
DA:353,0
DA:355,0
DA:363,0
DA:368,0
DA:373,3
DA:379,0
DA:380,0
DA:381,0
DA:382,0
DA:389,0
DA:390,0
DA:393,0
DA:394,0
DA:395,0
DA:402,0
DA:407,0
DA:408,0
DA:416,0
DA:421,0
DA:422,0
DA:428,0
DA:429,0
DA:435,0
DA:441,0
DA:446,3
DA:449,0
DA:450,0
DA:451,0
DA:452,0
DA:459,0
DA:460,0
DA:463,0
DA:464,0
DA:465,0
DA:472,0
DA:474,0
DA:478,0
DA:479,0
DA:480,0
DA:481,0
DA:486,0
DA:487,0
DA:489,0
DA:490,0
DA:496,0
DA:497,0
DA:498,0
DA:499,0
DA:500,0
DA:502,0
DA:508,0
DA:509,0
DA:511,0
DA:512,0
DA:514,0
DA:524,0
DA:537,0
DA:541,3
LF:176
LH:19
BRDA:15,0,0,0
BRDA:15,0,1,0
BRDA:72,1,0,0
BRDA:72,1,1,0
BRDA:98,2,0,0
BRDA:98,2,1,0
BRDA:118,3,0,0
BRDA:118,3,1,0
BRDA:130,4,0,0
BRDA:130,4,1,0
BRDA:130,5,0,0
BRDA:130,5,1,0
BRDA:130,6,0,0
BRDA:130,6,1,0
BRDA:141,7,0,0
BRDA:141,7,1,0
BRDA:162,8,0,0
BRDA:162,8,1,0
BRDA:167,9,0,0
BRDA:167,9,1,0
BRDA:179,10,0,0
BRDA:179,10,1,0
BRDA:213,11,0,0
BRDA:213,11,1,0
BRDA:236,12,0,0
BRDA:236,12,1,0
BRDA:257,13,0,0
BRDA:257,13,1,0
BRDA:270,14,0,0
BRDA:270,14,1,0
BRDA:278,15,0,0
BRDA:278,15,1,0
BRDA:283,16,0,0
BRDA:283,16,1,0
BRDA:295,17,0,0
BRDA:295,17,1,0
BRDA:296,18,0,0
BRDA:296,18,1,0
BRDA:297,19,0,0
BRDA:297,19,1,0
BRDA:298,20,0,0
BRDA:298,20,1,0
BRDA:298,21,0,0
BRDA:298,21,1,0
BRDA:299,22,0,0
BRDA:299,22,1,0
BRDA:299,23,0,0
BRDA:299,23,1,0
BRDA:300,24,0,0
BRDA:300,24,1,0
BRDA:300,25,0,0
BRDA:300,25,1,0
BRDA:302,26,0,0
BRDA:302,26,1,0
BRDA:331,27,0,0
BRDA:331,27,1,0
BRDA:381,28,0,0
BRDA:381,28,1,0
BRDA:394,29,0,0
BRDA:394,29,1,0
BRDA:407,30,0,0
BRDA:407,30,1,0
BRDA:421,31,0,0
BRDA:421,31,1,0
BRDA:432,32,0,0
BRDA:432,32,1,0
BRDA:432,33,0,0
BRDA:432,33,1,0
BRDA:451,34,0,0
BRDA:451,34,1,0
BRDA:464,35,0,0
BRDA:464,35,1,0
BRDA:489,36,0,0
BRDA:489,36,1,0
BRDA:508,37,0,0
BRDA:508,37,1,0
BRF:76
BRH:0
end_of_record
TN:
SF:utils\deviceInfo.js
FN:10,parseUserAgent
FN:83,getClientIp
FNF:2
FNH:2
FNDA:3,parseUserAgent
FNDA:3,getClientIp
DA:11,3
DA:12,0
DA:19,3
DA:22,3
DA:23,3
DA:24,0
DA:25,3
DA:26,0
DA:30,3
DA:31,3
DA:32,0
DA:33,3
DA:34,0
DA:35,3
DA:36,0
DA:37,3
DA:38,0
DA:39,3
DA:40,0
DA:41,3
DA:42,0
DA:46,3
DA:47,3
DA:48,0
DA:49,0
DA:50,0
DA:51,0
DA:52,0
DA:53,0
DA:54,0
DA:55,0
DA:57,0
DA:59,3
DA:60,0
DA:61,3
DA:62,0
DA:63,3
DA:64,0
DA:65,0
DA:66,3
DA:67,0
DA:68,0
DA:71,3
DA:84,3
DA:94,3
LF:45
LH:21
BRDA:11,0,0,0
BRDA:11,0,1,3
BRDA:23,1,0,0
BRDA:23,1,1,3
BRDA:25,2,0,0
BRDA:25,2,1,3
BRDA:31,3,0,0
BRDA:31,3,1,3
BRDA:31,4,0,3
BRDA:31,4,1,0
BRDA:33,5,0,0
BRDA:33,5,1,3
BRDA:35,6,0,0
BRDA:35,6,1,3
BRDA:35,7,0,3
BRDA:35,7,1,0
BRDA:37,8,0,0
BRDA:37,8,1,3
BRDA:39,9,0,0
BRDA:39,9,1,3
BRDA:39,10,0,3
BRDA:39,10,1,3
BRDA:41,11,0,0
BRDA:41,11,1,3
BRDA:41,12,0,3
BRDA:41,12,1,3
BRDA:47,13,0,0
BRDA:47,13,1,3
BRDA:48,14,0,0
BRDA:48,14,1,0
BRDA:50,15,0,0
BRDA:50,15,1,0
BRDA:52,16,0,0
BRDA:52,16,1,0
BRDA:54,17,0,0
BRDA:54,17,1,0
BRDA:59,18,0,0
BRDA:59,18,1,3
BRDA:59,19,0,3
BRDA:59,19,1,3
BRDA:61,20,0,0
BRDA:61,20,1,3
BRDA:63,21,0,0
BRDA:63,21,1,3
BRDA:65,22,0,0
BRDA:65,22,1,0
BRDA:66,23,0,0
BRDA:66,23,1,3
BRDA:66,24,0,3
BRDA:66,24,1,3
BRDA:68,25,0,0
BRDA:68,25,1,0
BRDA:85,26,0,3
BRDA:85,26,1,3
BRDA:85,26,2,3
BRDA:85,26,3,0
BRDA:85,26,4,0
BRDA:85,26,5,0
BRF:58
BRH:27
end_of_record
